Using pre-set license
Built from '2020.3/staging' branch; Version is '2020.3.26f1 (7298b473bc1a) revision 7510196'; Using compiler version '192528614'; Build Type 'Release'
OS: 'Windows 10  (10.0.19044) 64bit Core' Language: 'en' Physical Memory: 8072 MB
BatchMode: 1, IsHumanControllingUs: 0, StartBugReporterOnCrash: 0, Is64bit: 1, IsPro: 0

COMMAND LINE ARGUMENTS:
C:\Program Files\Unity\Hub\Editor\2020.3.26f1\Editor\Unity.exe
-adb2
-batchMode
-noUpm
-name
AssetImportWorker0
-projectPath
C:/Users/Illum/Documents/[School]/[This Semester]/DIG 3480 - Computer as a Medium/Tutorial 1.5/1.5 Tutorial
-logFile
Logs/AssetImportWorker0.log
-srvPort
65341
Successfully changed project path to: C:/Users/Illum/Documents/[School]/[This Semester]/DIG 3480 - Computer as a Medium/Tutorial 1.5/1.5 Tutorial
C:/Users/Illum/Documents/[School]/[This Semester]/DIG 3480 - Computer as a Medium/Tutorial 1.5/1.5 Tutorial
Using Asset Import Pipeline V2.
Refreshing native plugins compatible for Editor in 41.92 ms, found 3 plugins.
Preloading 0 native plugins for Editor in 0.00 ms.
Initialize engine version: 2020.3.26f1 (7298b473bc1a)
[Subsystems] Discovering subsystems at path C:/Program Files/Unity/Hub/Editor/2020.3.26f1/Editor/Data/Resources/UnitySubsystems
[Subsystems] Discovering subsystems at path C:/Users/Illum/Documents/[School]/[This Semester]/DIG 3480 - Computer as a Medium/Tutorial 1.5/1.5 Tutorial/Assets
GfxDevice: creating device client; threaded=0
Direct3D:
    Version:  Direct3D 11.0 [level 11.1]
    Renderer: NVIDIA GeForce GTX 1650 (ID=0x1f91)
    Vendor:   
    VRAM:     3962 MB
    Driver:   27.21.14.6089
Initialize mono
Mono path[0] = 'C:/Program Files/Unity/Hub/Editor/2020.3.26f1/Editor/Data/Managed'
Mono path[1] = 'C:/Program Files/Unity/Hub/Editor/2020.3.26f1/Editor/Data/MonoBleedingEdge/lib/mono/unityjit'
Mono config path = 'C:/Program Files/Unity/Hub/Editor/2020.3.26f1/Editor/Data/MonoBleedingEdge/etc'
Using monoOptions --debugger-agent=transport=dt_socket,embedding=1,server=y,suspend=n,address=127.0.0.1:56492
Begin MonoManager ReloadAssembly
Registering precompiled unity dll's ...
Register platform support module: C:/Program Files/Unity/Hub/Editor/2020.3.26f1/Editor/Data/PlaybackEngines/WindowsStandaloneSupport/UnityEditor.WindowsStandalone.Extensions.dll
Registered in 0.002028 seconds.
Native extension for WindowsStandalone target not found
Refreshing native plugins compatible for Editor in 42.61 ms, found 3 plugins.
Preloading 0 native plugins for Editor in 0.00 ms.
Mono: successfully reloaded assembly
- Completed reload, in  0.588 seconds
Domain Reload Profiling:
	ReloadAssembly (588ms)
		BeginReloadAssembly (54ms)
			ExecutionOrderSort (0ms)
			DisableScriptedObjects (0ms)
			BackupInstance (0ms)
			ReleaseScriptingObjects (0ms)
			CreateAndSetChildDomain (1ms)
		EndReloadAssembly (462ms)
			LoadAssemblies (52ms)
			RebuildTransferFunctionScriptingTraits (0ms)
			SetupTypeCache (163ms)
			ReleaseScriptCaches (0ms)
			RebuildScriptCaches (30ms)
			SetupLoadedEditorAssemblies (169ms)
				LogAssemblyErrors (0ms)
				InitializePlatformSupportModulesInManaged (4ms)
				SetLoadedEditorAssemblies (0ms)
				RefreshPlugins (43ms)
				BeforeProcessingInitializeOnLoad (13ms)
				ProcessInitializeOnLoadAttributes (82ms)
				ProcessInitializeOnLoadMethodAttributes (27ms)
				AfterProcessingInitializeOnLoad (0ms)
				EditorAssembliesLoaded (0ms)
			ExecutionOrderSort2 (0ms)
			AwakeInstancesAfterBackupRestoration (0ms)
Platform modules already initialized, skipping
Registering precompiled user dll's ...
Registered in 0.004795 seconds.
Begin MonoManager ReloadAssembly
Native extension for WindowsStandalone target not found
Refreshing native plugins compatible for Editor in 52.75 ms, found 3 plugins.
Preloading 0 native plugins for Editor in 0.00 ms.
Mono: successfully reloaded assembly
- Completed reload, in  1.267 seconds
Domain Reload Profiling:
	ReloadAssembly (1268ms)
		BeginReloadAssembly (175ms)
			ExecutionOrderSort (0ms)
			DisableScriptedObjects (6ms)
			BackupInstance (0ms)
			ReleaseScriptingObjects (0ms)
			CreateAndSetChildDomain (24ms)
		EndReloadAssembly (1022ms)
			LoadAssemblies (107ms)
			RebuildTransferFunctionScriptingTraits (0ms)
			SetupTypeCache (329ms)
			ReleaseScriptCaches (0ms)
			RebuildScriptCaches (47ms)
			SetupLoadedEditorAssemblies (406ms)
				LogAssemblyErrors (0ms)
				InitializePlatformSupportModulesInManaged (3ms)
				SetLoadedEditorAssemblies (0ms)
				RefreshPlugins (53ms)
				BeforeProcessingInitializeOnLoad (89ms)
				ProcessInitializeOnLoadAttributes (238ms)
				ProcessInitializeOnLoadMethodAttributes (16ms)
				AfterProcessingInitializeOnLoad (6ms)
				EditorAssembliesLoaded (0ms)
			ExecutionOrderSort2 (0ms)
			AwakeInstancesAfterBackupRestoration (6ms)
Platform modules already initialized, skipping
========================================================================
Worker process is ready to serve import requests
Launched and connected shader compiler UnityShaderCompiler.exe after 0.06 seconds
Refreshing native plugins compatible for Editor in 0.71 ms, found 3 plugins.
Preloading 0 native plugins for Editor in 0.00 ms.
Unloading 2198 Unused Serialized files (Serialized files now loaded: 0)
System memory in use before: 96.7 MB.
System memory in use after: 96.8 MB.

Unloading 28 unused Assets to reduce memory usage. Loaded Objects now: 2631.
Total: 3.494900 ms (FindLiveObjects: 0.203600 ms CreateObjectMapping: 0.102500 ms MarkObjects: 3.099600 ms  DeleteObjects: 0.088000 ms)

AssetImportParameters requested are different than current active one (requested -> active):
  custom:framework-win-MediaFoundation: 216162199b28c13a410421893ffa2e32 -> 
  custom:video-decoder-ogg-theora: a1e56fd34408186e4bbccfd4996cb3dc -> 
  custom:container-muxer-webm: aa71ff27fc2769a1b78a27578f13a17b -> 
  custom:container-demuxer-webm: 4f35f7cbe854078d1ac9338744f61a02 -> 
  custom:container-demuxer-ogg: 62fdf1f143b41e24485cea50d1cbac27 -> 
  custom:video-encoder-webm-vp8: eb34c28f22e8b96e1ab97ce403110664 -> 
  custom:video-codec-MediaFoundation-h265: 746d11721c4dcdbdad8f713fa42b33f4 -> 
  custom:video-decoder-webm-vp8: 9c59270c3fd7afecdb556c50c9e8de78 -> 
  custom:audio-decoder-ogg-vorbis: bf7c407c2cedff20999df2af8eb42d56 -> 
  custom:audio-encoder-webm-vorbis: bf7c407c2cedff20999df2af8eb42d56 -> 
========================================================================
Received Import Request.
  path: Assets/Scripts
  artifactKey: Guid(8479ae7a1b78b8844aa7373a61b4a2b0) Importer(815301076,1909f56bfc062723c751e8b465ee728b)
Start importing Assets/Scripts using Guid(8479ae7a1b78b8844aa7373a61b4a2b0) Importer(815301076,1909f56bfc062723c751e8b465ee728b)  -> (artifact id: '3b22fb8ad180ef1f662bd0a47a8e86fe') in 0.005713 seconds 
  Import took 0.010790 seconds .

========================================================================
Received Prepare
Registering precompiled user dll's ...
Registered in 0.004744 seconds.
Begin MonoManager ReloadAssembly
Native extension for WindowsStandalone target not found
Refreshing native plugins compatible for Editor in 0.58 ms, found 3 plugins.
Preloading 0 native plugins for Editor in 0.00 ms.
Mono: successfully reloaded assembly
- Completed reload, in  1.120 seconds
Domain Reload Profiling:
	ReloadAssembly (1121ms)
		BeginReloadAssembly (123ms)
			ExecutionOrderSort (0ms)
			DisableScriptedObjects (9ms)
			BackupInstance (0ms)
			ReleaseScriptingObjects (0ms)
			CreateAndSetChildDomain (38ms)
		EndReloadAssembly (937ms)
			LoadAssemblies (103ms)
			RebuildTransferFunctionScriptingTraits (0ms)
			SetupTypeCache (345ms)
			ReleaseScriptCaches (1ms)
			RebuildScriptCaches (50ms)
			SetupLoadedEditorAssemblies (319ms)
				LogAssemblyErrors (0ms)
				InitializePlatformSupportModulesInManaged (4ms)
				SetLoadedEditorAssemblies (0ms)
				RefreshPlugins (1ms)
				BeforeProcessingInitializeOnLoad (102ms)
				ProcessInitializeOnLoadAttributes (192ms)
				ProcessInitializeOnLoadMethodAttributes (11ms)
				AfterProcessingInitializeOnLoad (9ms)
				EditorAssembliesLoaded (0ms)
			ExecutionOrderSort2 (0ms)
			AwakeInstancesAfterBackupRestoration (11ms)
Platform modules already initialized, skipping
Refreshing native plugins compatible for Editor in 0.46 ms, found 3 plugins.
Preloading 0 native plugins for Editor in 0.00 ms.
Unloading 2187 Unused Serialized files (Serialized files now loaded: 0)
System memory in use before: 96.1 MB.
System memory in use after: 96.2 MB.

Unloading 17 unused Assets to reduce memory usage. Loaded Objects now: 2633.
Total: 3.213200 ms (FindLiveObjects: 0.175600 ms CreateObjectMapping: 0.065700 ms MarkObjects: 2.954500 ms  DeleteObjects: 0.016200 ms)

AssetImportParameters requested are different than current active one (requested -> active):
  custom:framework-win-MediaFoundation: 216162199b28c13a410421893ffa2e32 -> 
  custom:video-decoder-ogg-theora: a1e56fd34408186e4bbccfd4996cb3dc -> 
  custom:container-muxer-webm: aa71ff27fc2769a1b78a27578f13a17b -> 
  custom:container-demuxer-webm: 4f35f7cbe854078d1ac9338744f61a02 -> 
  custom:container-demuxer-ogg: 62fdf1f143b41e24485cea50d1cbac27 -> 
  custom:video-encoder-webm-vp8: eb34c28f22e8b96e1ab97ce403110664 -> 
  custom:video-codec-MediaFoundation-h265: 746d11721c4dcdbdad8f713fa42b33f4 -> 
  custom:video-decoder-webm-vp8: 9c59270c3fd7afecdb556c50c9e8de78 -> 
  custom:audio-decoder-ogg-vorbis: bf7c407c2cedff20999df2af8eb42d56 -> 
  custom:audio-encoder-webm-vorbis: bf7c407c2cedff20999df2af8eb42d56 -> 
========================================================================
Received Prepare
Registering precompiled user dll's ...
Registered in 0.004499 seconds.
Begin MonoManager ReloadAssembly
Native extension for WindowsStandalone target not found
Refreshing native plugins compatible for Editor in 0.44 ms, found 3 plugins.
Preloading 0 native plugins for Editor in 0.00 ms.
Mono: successfully reloaded assembly
- Completed reload, in  1.038 seconds
Domain Reload Profiling:
	ReloadAssembly (1039ms)
		BeginReloadAssembly (129ms)
			ExecutionOrderSort (0ms)
			DisableScriptedObjects (6ms)
			BackupInstance (0ms)
			ReleaseScriptingObjects (0ms)
			CreateAndSetChildDomain (34ms)
		EndReloadAssembly (851ms)
			LoadAssemblies (88ms)
			RebuildTransferFunctionScriptingTraits (0ms)
			SetupTypeCache (287ms)
			ReleaseScriptCaches (1ms)
			RebuildScriptCaches (49ms)
			SetupLoadedEditorAssemblies (318ms)
				LogAssemblyErrors (0ms)
				InitializePlatformSupportModulesInManaged (4ms)
				SetLoadedEditorAssemblies (0ms)
				RefreshPlugins (0ms)
				BeforeProcessingInitializeOnLoad (102ms)
				ProcessInitializeOnLoadAttributes (193ms)
				ProcessInitializeOnLoadMethodAttributes (12ms)
				AfterProcessingInitializeOnLoad (7ms)
				EditorAssembliesLoaded (0ms)
			ExecutionOrderSort2 (0ms)
			AwakeInstancesAfterBackupRestoration (10ms)
Platform modules already initialized, skipping
Refreshing native plugins compatible for Editor in 0.47 ms, found 3 plugins.
Preloading 0 native plugins for Editor in 0.00 ms.
Unloading 2187 Unused Serialized files (Serialized files now loaded: 0)
System memory in use before: 96.1 MB.
System memory in use after: 96.3 MB.

Unloading 17 unused Assets to reduce memory usage. Loaded Objects now: 2635.
Total: 2.658100 ms (FindLiveObjects: 0.149300 ms CreateObjectMapping: 0.066300 ms MarkObjects: 2.428700 ms  DeleteObjects: 0.013000 ms)

AssetImportParameters requested are different than current active one (requested -> active):
  custom:framework-win-MediaFoundation: 216162199b28c13a410421893ffa2e32 -> 
  custom:video-decoder-ogg-theora: a1e56fd34408186e4bbccfd4996cb3dc -> 
  custom:container-muxer-webm: aa71ff27fc2769a1b78a27578f13a17b -> 
  custom:container-demuxer-webm: 4f35f7cbe854078d1ac9338744f61a02 -> 
  custom:container-demuxer-ogg: 62fdf1f143b41e24485cea50d1cbac27 -> 
  custom:video-encoder-webm-vp8: eb34c28f22e8b96e1ab97ce403110664 -> 
  custom:video-codec-MediaFoundation-h265: 746d11721c4dcdbdad8f713fa42b33f4 -> 
  custom:video-decoder-webm-vp8: 9c59270c3fd7afecdb556c50c9e8de78 -> 
  custom:audio-decoder-ogg-vorbis: bf7c407c2cedff20999df2af8eb42d56 -> 
  custom:audio-encoder-webm-vorbis: bf7c407c2cedff20999df2af8eb42d56 -> 
========================================================================
Received Prepare
Registering precompiled user dll's ...
Registered in 0.005068 seconds.
Begin MonoManager ReloadAssembly
Native extension for WindowsStandalone target not found
Refreshing native plugins compatible for Editor in 0.44 ms, found 3 plugins.
Preloading 0 native plugins for Editor in 0.00 ms.
Mono: successfully reloaded assembly
- Completed reload, in  1.008 seconds
Domain Reload Profiling:
	ReloadAssembly (1008ms)
		BeginReloadAssembly (128ms)
			ExecutionOrderSort (0ms)
			DisableScriptedObjects (6ms)
			BackupInstance (0ms)
			ReleaseScriptingObjects (0ms)
			CreateAndSetChildDomain (36ms)
		EndReloadAssembly (814ms)
			LoadAssemblies (93ms)
			RebuildTransferFunctionScriptingTraits (0ms)
			SetupTypeCache (285ms)
			ReleaseScriptCaches (1ms)
			RebuildScriptCaches (45ms)
			SetupLoadedEditorAssemblies (298ms)
				LogAssemblyErrors (0ms)
				InitializePlatformSupportModulesInManaged (4ms)
				SetLoadedEditorAssemblies (1ms)
				RefreshPlugins (1ms)
				BeforeProcessingInitializeOnLoad (102ms)
				ProcessInitializeOnLoadAttributes (174ms)
				ProcessInitializeOnLoadMethodAttributes (10ms)
				AfterProcessingInitializeOnLoad (7ms)
				EditorAssembliesLoaded (0ms)
			ExecutionOrderSort2 (0ms)
			AwakeInstancesAfterBackupRestoration (8ms)
Platform modules already initialized, skipping
Refreshing native plugins compatible for Editor in 0.45 ms, found 3 plugins.
Preloading 0 native plugins for Editor in 0.00 ms.
Unloading 2187 Unused Serialized files (Serialized files now loaded: 0)
System memory in use before: 96.2 MB.
System memory in use after: 96.3 MB.

Unloading 17 unused Assets to reduce memory usage. Loaded Objects now: 2637.
Total: 2.842600 ms (FindLiveObjects: 0.168000 ms CreateObjectMapping: 0.064000 ms MarkObjects: 2.595900 ms  DeleteObjects: 0.013500 ms)

AssetImportParameters requested are different than current active one (requested -> active):
  custom:framework-win-MediaFoundation: 216162199b28c13a410421893ffa2e32 -> 
  custom:video-decoder-ogg-theora: a1e56fd34408186e4bbccfd4996cb3dc -> 
  custom:container-muxer-webm: aa71ff27fc2769a1b78a27578f13a17b -> 
  custom:container-demuxer-webm: 4f35f7cbe854078d1ac9338744f61a02 -> 
  custom:container-demuxer-ogg: 62fdf1f143b41e24485cea50d1cbac27 -> 
  custom:video-encoder-webm-vp8: eb34c28f22e8b96e1ab97ce403110664 -> 
  custom:video-codec-MediaFoundation-h265: 746d11721c4dcdbdad8f713fa42b33f4 -> 
  custom:video-decoder-webm-vp8: 9c59270c3fd7afecdb556c50c9e8de78 -> 
  custom:audio-decoder-ogg-vorbis: bf7c407c2cedff20999df2af8eb42d56 -> 
  custom:audio-encoder-webm-vorbis: bf7c407c2cedff20999df2af8eb42d56 -> 
========================================================================
Received Import Request.
  Time since last request: 16.772504 seconds.
  path: Assets/Scripts/Sounds
  artifactKey: Guid(a4d246dfdf2c61c4285faa655f1f73fe) Importer(815301076,1909f56bfc062723c751e8b465ee728b)
Start importing Assets/Scripts/Sounds using Guid(a4d246dfdf2c61c4285faa655f1f73fe) Importer(815301076,1909f56bfc062723c751e8b465ee728b)  -> (artifact id: '88dff2c32b6877098cc5ebb793efa726') in 0.004733 seconds 
  Import took 0.009008 seconds .

========================================================================
Received Import Request.
  Time since last request: 16.372617 seconds.
  path: Assets/Sounds/Sprites
  artifactKey: Guid(0fa5cfe4fb8a20945a844e5faa9c249e) Importer(815301076,1909f56bfc062723c751e8b465ee728b)
Start importing Assets/Sounds/Sprites using Guid(0fa5cfe4fb8a20945a844e5faa9c249e) Importer(815301076,1909f56bfc062723c751e8b465ee728b)  -> (artifact id: '75ae8355c80352889bedcc966435d30c') in 0.002825 seconds 
  Import took 0.007242 seconds .

========================================================================
Received Import Request.
  Time since last request: 32.682184 seconds.
  path: Assets/Scripts/CatController.cs
  artifactKey: Guid(b9cd9d524e5bc9445a1cade2d608f387) Importer(815301076,1909f56bfc062723c751e8b465ee728b)
Start importing Assets/Scripts/CatController.cs using Guid(b9cd9d524e5bc9445a1cade2d608f387) Importer(815301076,1909f56bfc062723c751e8b465ee728b)  -> (artifact id: 'f96c07c60abd485979ab42434199f16e') in 0.047151 seconds 
  Import took 0.051888 seconds .

========================================================================
Received Prepare
Registering precompiled user dll's ...
Registered in 0.004566 seconds.
Begin MonoManager ReloadAssembly
Native extension for WindowsStandalone target not found
Refreshing native plugins compatible for Editor in 0.44 ms, found 3 plugins.
Preloading 0 native plugins for Editor in 0.00 ms.
Mono: successfully reloaded assembly
- Completed reload, in  0.970 seconds
Domain Reload Profiling:
	ReloadAssembly (970ms)
		BeginReloadAssembly (110ms)
			ExecutionOrderSort (0ms)
			DisableScriptedObjects (6ms)
			BackupInstance (0ms)
			ReleaseScriptingObjects (0ms)
			CreateAndSetChildDomain (31ms)
		EndReloadAssembly (801ms)
			LoadAssemblies (88ms)
			RebuildTransferFunctionScriptingTraits (0ms)
			SetupTypeCache (273ms)
			ReleaseScriptCaches (1ms)
			RebuildScriptCaches (46ms)
			SetupLoadedEditorAssemblies (295ms)
				LogAssemblyErrors (0ms)
				InitializePlatformSupportModulesInManaged (4ms)
				SetLoadedEditorAssemblies (0ms)
				RefreshPlugins (0ms)
				BeforeProcessingInitializeOnLoad (97ms)
				ProcessInitializeOnLoadAttributes (175ms)
				ProcessInitializeOnLoadMethodAttributes (11ms)
				AfterProcessingInitializeOnLoad (6ms)
				EditorAssembliesLoaded (0ms)
			ExecutionOrderSort2 (0ms)
			AwakeInstancesAfterBackupRestoration (9ms)
Platform modules already initialized, skipping
Refreshing native plugins compatible for Editor in 0.55 ms, found 3 plugins.
Preloading 0 native plugins for Editor in 0.00 ms.
Unloading 2187 Unused Serialized files (Serialized files now loaded: 0)
System memory in use before: 96.2 MB.
System memory in use after: 96.3 MB.

Unloading 17 unused Assets to reduce memory usage. Loaded Objects now: 2639.
Total: 2.839800 ms (FindLiveObjects: 0.154100 ms CreateObjectMapping: 0.066500 ms MarkObjects: 2.603400 ms  DeleteObjects: 0.014900 ms)

AssetImportParameters requested are different than current active one (requested -> active):
  custom:framework-win-MediaFoundation: 216162199b28c13a410421893ffa2e32 -> 
  custom:video-decoder-ogg-theora: a1e56fd34408186e4bbccfd4996cb3dc -> 
  custom:container-muxer-webm: aa71ff27fc2769a1b78a27578f13a17b -> 
  custom:container-demuxer-webm: 4f35f7cbe854078d1ac9338744f61a02 -> 
  custom:container-demuxer-ogg: 62fdf1f143b41e24485cea50d1cbac27 -> 
  custom:video-encoder-webm-vp8: eb34c28f22e8b96e1ab97ce403110664 -> 
  custom:video-codec-MediaFoundation-h265: 746d11721c4dcdbdad8f713fa42b33f4 -> 
  custom:video-decoder-webm-vp8: 9c59270c3fd7afecdb556c50c9e8de78 -> 
  custom:audio-decoder-ogg-vorbis: bf7c407c2cedff20999df2af8eb42d56 -> 
  custom:audio-encoder-webm-vorbis: bf7c407c2cedff20999df2af8eb42d56 -> 
========================================================================
Received Prepare
Registering precompiled user dll's ...
Registered in 0.005020 seconds.
Begin MonoManager ReloadAssembly
Native extension for WindowsStandalone target not found
Refreshing native plugins compatible for Editor in 0.44 ms, found 3 plugins.
Preloading 0 native plugins for Editor in 0.00 ms.
Mono: successfully reloaded assembly
- Completed reload, in  0.976 seconds
Domain Reload Profiling:
	ReloadAssembly (976ms)
		BeginReloadAssembly (111ms)
			ExecutionOrderSort (0ms)
			DisableScriptedObjects (7ms)
			BackupInstance (0ms)
			ReleaseScriptingObjects (0ms)
			CreateAndSetChildDomain (31ms)
		EndReloadAssembly (805ms)
			LoadAssemblies (93ms)
			RebuildTransferFunctionScriptingTraits (0ms)
			SetupTypeCache (276ms)
			ReleaseScriptCaches (1ms)
			RebuildScriptCaches (44ms)
			SetupLoadedEditorAssemblies (301ms)
				LogAssemblyErrors (0ms)
				InitializePlatformSupportModulesInManaged (4ms)
				SetLoadedEditorAssemblies (0ms)
				RefreshPlugins (0ms)
				BeforeProcessingInitializeOnLoad (104ms)
				ProcessInitializeOnLoadAttributes (174ms)
				ProcessInitializeOnLoadMethodAttributes (11ms)
				AfterProcessingInitializeOnLoad (6ms)
				EditorAssembliesLoaded (0ms)
			ExecutionOrderSort2 (0ms)
			AwakeInstancesAfterBackupRestoration (9ms)
Platform modules already initialized, skipping
Refreshing native plugins compatible for Editor in 0.48 ms, found 3 plugins.
Preloading 0 native plugins for Editor in 0.00 ms.
Unloading 2187 Unused Serialized files (Serialized files now loaded: 0)
System memory in use before: 96.2 MB.
System memory in use after: 96.3 MB.

Unloading 17 unused Assets to reduce memory usage. Loaded Objects now: 2641.
Total: 3.094600 ms (FindLiveObjects: 0.169400 ms CreateObjectMapping: 0.066100 ms MarkObjects: 2.844100 ms  DeleteObjects: 0.014100 ms)

AssetImportParameters requested are different than current active one (requested -> active):
  custom:framework-win-MediaFoundation: 216162199b28c13a410421893ffa2e32 -> 
  custom:video-decoder-ogg-theora: a1e56fd34408186e4bbccfd4996cb3dc -> 
  custom:container-muxer-webm: aa71ff27fc2769a1b78a27578f13a17b -> 
  custom:container-demuxer-webm: 4f35f7cbe854078d1ac9338744f61a02 -> 
  custom:container-demuxer-ogg: 62fdf1f143b41e24485cea50d1cbac27 -> 
  custom:video-encoder-webm-vp8: eb34c28f22e8b96e1ab97ce403110664 -> 
  custom:video-codec-MediaFoundation-h265: 746d11721c4dcdbdad8f713fa42b33f4 -> 
  custom:video-decoder-webm-vp8: 9c59270c3fd7afecdb556c50c9e8de78 -> 
  custom:audio-decoder-ogg-vorbis: bf7c407c2cedff20999df2af8eb42d56 -> 
  custom:audio-encoder-webm-vorbis: bf7c407c2cedff20999df2af8eb42d56 -> 
========================================================================
Received Import Request.
  Time since last request: 33.475693 seconds.
  path: Assets/Scripts/CatController.cs
  artifactKey: Guid(b9cd9d524e5bc9445a1cade2d608f387) Importer(815301076,1909f56bfc062723c751e8b465ee728b)
Start importing Assets/Scripts/CatController.cs using Guid(b9cd9d524e5bc9445a1cade2d608f387) Importer(815301076,1909f56bfc062723c751e8b465ee728b)  -> (artifact id: '0ac8ec63af8f055cc2d4dd511e9e2366') in 0.004251 seconds 
  Import took 0.007142 seconds .

========================================================================
Received Prepare
Registering precompiled user dll's ...
Registered in 0.004571 seconds.
Begin MonoManager ReloadAssembly
Native extension for WindowsStandalone target not found
Refreshing native plugins compatible for Editor in 0.53 ms, found 3 plugins.
Preloading 0 native plugins for Editor in 0.00 ms.
Mono: successfully reloaded assembly
- Completed reload, in  1.022 seconds
Domain Reload Profiling:
	ReloadAssembly (1023ms)
		BeginReloadAssembly (108ms)
			ExecutionOrderSort (0ms)
			DisableScriptedObjects (6ms)
			BackupInstance (0ms)
			ReleaseScriptingObjects (0ms)
			CreateAndSetChildDomain (32ms)
		EndReloadAssembly (851ms)
			LoadAssemblies (90ms)
			RebuildTransferFunctionScriptingTraits (0ms)
			SetupTypeCache (309ms)
			ReleaseScriptCaches (1ms)
			RebuildScriptCaches (45ms)
			SetupLoadedEditorAssemblies (307ms)
				LogAssemblyErrors (0ms)
				InitializePlatformSupportModulesInManaged (5ms)
				SetLoadedEditorAssemblies (0ms)
				RefreshPlugins (1ms)
				BeforeProcessingInitializeOnLoad (107ms)
				ProcessInitializeOnLoadAttributes (176ms)
				ProcessInitializeOnLoadMethodAttributes (12ms)
				AfterProcessingInitializeOnLoad (6ms)
				EditorAssembliesLoaded (0ms)
			ExecutionOrderSort2 (0ms)
			AwakeInstancesAfterBackupRestoration (9ms)
Platform modules already initialized, skipping
Refreshing native plugins compatible for Editor in 0.45 ms, found 3 plugins.
Preloading 0 native plugins for Editor in 0.00 ms.
Unloading 2187 Unused Serialized files (Serialized files now loaded: 0)
System memory in use before: 96.3 MB.
System memory in use after: 96.4 MB.

Unloading 17 unused Assets to reduce memory usage. Loaded Objects now: 2643.
Total: 3.122800 ms (FindLiveObjects: 0.169300 ms CreateObjectMapping: 0.063900 ms MarkObjects: 2.874300 ms  DeleteObjects: 0.014400 ms)

AssetImportParameters requested are different than current active one (requested -> active):
  custom:framework-win-MediaFoundation: 216162199b28c13a410421893ffa2e32 -> 
  custom:video-decoder-ogg-theora: a1e56fd34408186e4bbccfd4996cb3dc -> 
  custom:container-muxer-webm: aa71ff27fc2769a1b78a27578f13a17b -> 
  custom:container-demuxer-webm: 4f35f7cbe854078d1ac9338744f61a02 -> 
  custom:container-demuxer-ogg: 62fdf1f143b41e24485cea50d1cbac27 -> 
  custom:video-encoder-webm-vp8: eb34c28f22e8b96e1ab97ce403110664 -> 
  custom:video-codec-MediaFoundation-h265: 746d11721c4dcdbdad8f713fa42b33f4 -> 
  custom:video-decoder-webm-vp8: 9c59270c3fd7afecdb556c50c9e8de78 -> 
  custom:audio-decoder-ogg-vorbis: bf7c407c2cedff20999df2af8eb42d56 -> 
  custom:audio-encoder-webm-vorbis: bf7c407c2cedff20999df2af8eb42d56 -> 
========================================================================
Received Import Request.
  Time since last request: 149.134273 seconds.
  path: Assets/Sprites/Dead (1).png
  artifactKey: Guid(81aeeacd8f8f58943b6d60a83150ad1c) Importer(815301076,1909f56bfc062723c751e8b465ee728b)
Start importing Assets/Sprites/Dead (1).png using Guid(81aeeacd8f8f58943b6d60a83150ad1c) Importer(815301076,1909f56bfc062723c751e8b465ee728b)  -> (artifact id: '00108ae6b0c6fc30df3a1c99ec122bae') in 0.123767 seconds 
  Import took 0.127449 seconds .

========================================================================
Received Import Request.
  Time since last request: 0.000310 seconds.
  path: Assets/Sprites/Jump (1).png
  artifactKey: Guid(9f64c650d92bca34fb987991f630e6b1) Importer(815301076,1909f56bfc062723c751e8b465ee728b)
Start importing Assets/Sprites/Jump (1).png using Guid(9f64c650d92bca34fb987991f630e6b1) Importer(815301076,1909f56bfc062723c751e8b465ee728b)  -> (artifact id: '2cff3e000ea56458031e9415ddbdd932') in 0.015703 seconds 
  Import took 0.019361 seconds .

========================================================================
Received Import Request.
  Time since last request: 0.000284 seconds.
  path: Assets/Sprites/Hurt (8).png
  artifactKey: Guid(9cf8d1c168fba884a8eca12b7a739ef4) Importer(815301076,1909f56bfc062723c751e8b465ee728b)
Start importing Assets/Sprites/Hurt (8).png using Guid(9cf8d1c168fba884a8eca12b7a739ef4) Importer(815301076,1909f56bfc062723c751e8b465ee728b)  -> (artifact id: '9f96c9a2a0a98e23c3d1063308bf6a43') in 0.013951 seconds 
  Import took 0.018573 seconds .

========================================================================
Received Import Request.
  Time since last request: 0.000259 seconds.
  path: Assets/Sprites/Idle (6).png
  artifactKey: Guid(3ec65195a054dd74783dc813c454d3df) Importer(815301076,1909f56bfc062723c751e8b465ee728b)
Start importing Assets/Sprites/Idle (6).png using Guid(3ec65195a054dd74783dc813c454d3df) Importer(815301076,1909f56bfc062723c751e8b465ee728b)  -> (artifact id: 'c9f37a235b73cb87c1fe753a36a9d5df') in 0.014120 seconds 
  Import took 0.018234 seconds .

========================================================================
Received Import Request.
  Time since last request: 0.000401 seconds.
  path: Assets/Sprites/Hurt (7).png
  artifactKey: Guid(59676543a92b21145a656d6b222fdf70) Importer(815301076,1909f56bfc062723c751e8b465ee728b)
Start importing Assets/Sprites/Hurt (7).png using Guid(59676543a92b21145a656d6b222fdf70) Importer(815301076,1909f56bfc062723c751e8b465ee728b)  -> (artifact id: '0180af2a5bd12d343596e5c976b81c69') in 0.015418 seconds 
  Import took 0.020196 seconds .

========================================================================
Received Import Request.
  Time since last request: 0.000278 seconds.
  path: Assets/Sprites/Fall (2).png
  artifactKey: Guid(73c9ae84b34b77948981a1ccec1a2cf8) Importer(815301076,1909f56bfc062723c751e8b465ee728b)
Start importing Assets/Sprites/Fall (2).png using Guid(73c9ae84b34b77948981a1ccec1a2cf8) Importer(815301076,1909f56bfc062723c751e8b465ee728b)  -> (artifact id: '92e3a92030c795ab5adcb139331984f1') in 0.014778 seconds 
  Import took 0.018682 seconds .

========================================================================
Received Import Request.
  Time since last request: 0.000264 seconds.
  path: Assets/Sprites/Dead (6).png
  artifactKey: Guid(2ade94534b957c94d86b7cc59768a5ab) Importer(815301076,1909f56bfc062723c751e8b465ee728b)
Start importing Assets/Sprites/Dead (6).png using Guid(2ade94534b957c94d86b7cc59768a5ab) Importer(815301076,1909f56bfc062723c751e8b465ee728b)  -> (artifact id: '210bd783b47348363191732bdef5c263') in 0.012695 seconds 
  Import took 0.018200 seconds .

========================================================================
Received Import Request.
  Time since last request: 0.000545 seconds.
  path: Assets/Sprites/Hurt (10).png
  artifactKey: Guid(966ba5dd48d1cfc49a3cb3673c093638) Importer(815301076,1909f56bfc062723c751e8b465ee728b)
Start importing Assets/Sprites/Hurt (10).png using Guid(966ba5dd48d1cfc49a3cb3673c093638) Importer(815301076,1909f56bfc062723c751e8b465ee728b)  -> (artifact id: '2a381900fdfa1d13ac4e66c30b7435b4') in 0.012958 seconds 
  Import took 0.021064 seconds .

========================================================================
Received Import Request.
  Time since last request: 0.000418 seconds.
  path: Assets/Sprites/Fall (6).png
  artifactKey: Guid(5df6b576397cea541b537e6648b5ed5a) Importer(815301076,1909f56bfc062723c751e8b465ee728b)
Start importing Assets/Sprites/Fall (6).png using Guid(5df6b576397cea541b537e6648b5ed5a) Importer(815301076,1909f56bfc062723c751e8b465ee728b)  -> (artifact id: '5a1e930b662951a11717c674677b858e') in 0.018453 seconds 
  Import took 0.022828 seconds .

========================================================================
Received Import Request.
  Time since last request: 0.000370 seconds.
  path: Assets/Sprites/Fall (1).png
  artifactKey: Guid(0cb3a9cb2e32bc345b6210a5b3ec13b2) Importer(815301076,1909f56bfc062723c751e8b465ee728b)
Start importing Assets/Sprites/Fall (1).png using Guid(0cb3a9cb2e32bc345b6210a5b3ec13b2) Importer(815301076,1909f56bfc062723c751e8b465ee728b)  -> (artifact id: '717bc878260416a667a41978962ba7b9') in 0.013511 seconds 
  Import took 0.018052 seconds .

========================================================================
Received Import Request.
  Time since last request: 0.000254 seconds.
  path: Assets/Sprites/Hurt (2).png
  artifactKey: Guid(ab00fa3612a45c14b8d6e33792233da8) Importer(815301076,1909f56bfc062723c751e8b465ee728b)
Start importing Assets/Sprites/Hurt (2).png using Guid(ab00fa3612a45c14b8d6e33792233da8) Importer(815301076,1909f56bfc062723c751e8b465ee728b)  -> (artifact id: '733daffaea82a8bd59e5907589813e35') in 0.014236 seconds 
  Import took 0.018033 seconds .

========================================================================
Received Import Request.
  Time since last request: 0.000284 seconds.
  path: Assets/Sprites/Jump (5).png
  artifactKey: Guid(7240230a66daddd46b8f7b5727b35a0b) Importer(815301076,1909f56bfc062723c751e8b465ee728b)
Start importing Assets/Sprites/Jump (5).png using Guid(7240230a66daddd46b8f7b5727b35a0b) Importer(815301076,1909f56bfc062723c751e8b465ee728b)  -> (artifact id: '0f88afe988676fe6d173f887687bd553') in 0.013169 seconds 
  Import took 0.019004 seconds .

========================================================================
Received Import Request.
  Time since last request: 0.000601 seconds.
  path: Assets/Sprites/Hurt (3).png
  artifactKey: Guid(eae862e783054d743a46f663596b7a86) Importer(815301076,1909f56bfc062723c751e8b465ee728b)
Start importing Assets/Sprites/Hurt (3).png using Guid(eae862e783054d743a46f663596b7a86) Importer(815301076,1909f56bfc062723c751e8b465ee728b)  -> (artifact id: 'dd2229bd722f299bee0d9fc8007e34a2') in 0.011949 seconds 
  Import took 0.016965 seconds .

========================================================================
Received Import Request.
  Time since last request: 0.000366 seconds.
  path: Assets/Sprites/Hurt (6).png
  artifactKey: Guid(5c587ec285b94f64990fb0d1d27f225a) Importer(815301076,1909f56bfc062723c751e8b465ee728b)
Start importing Assets/Sprites/Hurt (6).png using Guid(5c587ec285b94f64990fb0d1d27f225a) Importer(815301076,1909f56bfc062723c751e8b465ee728b)  -> (artifact id: '7f64ef51584edce5c81af4629f424698') in 0.014521 seconds 
  Import took 0.019071 seconds .

========================================================================
Received Import Request.
  Time since last request: 0.000300 seconds.
  path: Assets/Sprites/Hurt (9).png
  artifactKey: Guid(c170c56c78bf3ef4ebc3d151d26b53b5) Importer(815301076,1909f56bfc062723c751e8b465ee728b)
Start importing Assets/Sprites/Hurt (9).png using Guid(c170c56c78bf3ef4ebc3d151d26b53b5) Importer(815301076,1909f56bfc062723c751e8b465ee728b)  -> (artifact id: 'e89a19372d494ffe284a9cf63780828d') in 0.014561 seconds 
  Import took 0.018831 seconds .

========================================================================
Received Import Request.
  Time since last request: 0.000396 seconds.
  path: Assets/Sprites/Idle (7).png
  artifactKey: Guid(1251cc2d1318c974290762eb88560c71) Importer(815301076,1909f56bfc062723c751e8b465ee728b)
Start importing Assets/Sprites/Idle (7).png using Guid(1251cc2d1318c974290762eb88560c71) Importer(815301076,1909f56bfc062723c751e8b465ee728b)  -> (artifact id: '9a8391eec0c20ecf016f87e6a946d6a8') in 0.014035 seconds 
  Import took 0.017681 seconds .

========================================================================
Received Import Request.
  Time since last request: 0.000262 seconds.
  path: Assets/Sprites/Fall (5).png
  artifactKey: Guid(515ffe0deb5914849af934d8b1f554c9) Importer(815301076,1909f56bfc062723c751e8b465ee728b)
Start importing Assets/Sprites/Fall (5).png using Guid(515ffe0deb5914849af934d8b1f554c9) Importer(815301076,1909f56bfc062723c751e8b465ee728b)  -> (artifact id: '5522c4e1480c4746831e4badf2a16c50') in 0.013648 seconds 
  Import took 0.018123 seconds .

========================================================================
Received Import Request.
  Time since last request: 0.000333 seconds.
  path: Assets/Sprites/Dead (7).png
  artifactKey: Guid(ca93cac085e34e54aa5d84c386f3c43e) Importer(815301076,1909f56bfc062723c751e8b465ee728b)
Start importing Assets/Sprites/Dead (7).png using Guid(ca93cac085e34e54aa5d84c386f3c43e) Importer(815301076,1909f56bfc062723c751e8b465ee728b)  -> (artifact id: 'bebb2ac09c4e25239a9d7f8bd3a5f43e') in 0.013414 seconds 
  Import took 0.017978 seconds .

========================================================================
Received Import Request.
  Time since last request: 0.000201 seconds.
  path: Assets/Sprites/Jump (4).png
  artifactKey: Guid(29c9aaf9fae4cff45966669d23aa2ddf) Importer(815301076,1909f56bfc062723c751e8b465ee728b)
Start importing Assets/Sprites/Jump (4).png using Guid(29c9aaf9fae4cff45966669d23aa2ddf) Importer(815301076,1909f56bfc062723c751e8b465ee728b)  -> (artifact id: '68f3fa07fc5e5edc1f8763e8172812da') in 0.013721 seconds 
  Import took 0.018503 seconds .

========================================================================
Received Import Request.
  Time since last request: 0.000243 seconds.
  path: Assets/Sprites/Idle (3).png
  artifactKey: Guid(da770ac6935397c4986f4f21cf131943) Importer(815301076,1909f56bfc062723c751e8b465ee728b)
Start importing Assets/Sprites/Idle (3).png using Guid(da770ac6935397c4986f4f21cf131943) Importer(815301076,1909f56bfc062723c751e8b465ee728b)  -> (artifact id: 'bf324cab90010ef9657b55b0560ffece') in 0.012306 seconds 
  Import took 0.019819 seconds .

========================================================================
Received Import Request.
  Time since last request: 0.000250 seconds.
  path: Assets/Sprites/Dead (3).png
  artifactKey: Guid(59453eea9bc8b2b45a2915013881eaea) Importer(815301076,1909f56bfc062723c751e8b465ee728b)
Start importing Assets/Sprites/Dead (3).png using Guid(59453eea9bc8b2b45a2915013881eaea) Importer(815301076,1909f56bfc062723c751e8b465ee728b)  -> (artifact id: '123f3b2e1e84d3fd264d50c5cebcbfbd') in 0.013090 seconds 
  Import took 0.018172 seconds .

========================================================================
Received Import Request.
  Time since last request: 0.000264 seconds.
  path: Assets/Sprites/Dead (2).png
  artifactKey: Guid(5b3d0d82564688143be9c77bd53af41c) Importer(815301076,1909f56bfc062723c751e8b465ee728b)
Start importing Assets/Sprites/Dead (2).png using Guid(5b3d0d82564688143be9c77bd53af41c) Importer(815301076,1909f56bfc062723c751e8b465ee728b)  -> (artifact id: '6be58506acf2629f34428695a1f16b9c') in 0.014050 seconds 
  Import took 0.017717 seconds .

========================================================================
Received Import Request.
  Time since last request: 0.000289 seconds.
  path: Assets/Sprites/Dead (4).png
  artifactKey: Guid(3fdd4da526231bb4c9ce4d3070e98ce1) Importer(815301076,1909f56bfc062723c751e8b465ee728b)
Start importing Assets/Sprites/Dead (4).png using Guid(3fdd4da526231bb4c9ce4d3070e98ce1) Importer(815301076,1909f56bfc062723c751e8b465ee728b)  -> (artifact id: '4ac2b97bfa30a8a173c54609a406d73a') in 0.014387 seconds 
  Import took 0.018763 seconds .

========================================================================
Received Import Request.
  Time since last request: 0.000268 seconds.
  path: Assets/Sprites/Jump (6).png
  artifactKey: Guid(94bdd9c144892194482eeb3d6c7aa7ef) Importer(815301076,1909f56bfc062723c751e8b465ee728b)
Start importing Assets/Sprites/Jump (6).png using Guid(94bdd9c144892194482eeb3d6c7aa7ef) Importer(815301076,1909f56bfc062723c751e8b465ee728b)  -> (artifact id: 'b9028489f7a2c79c1d207399a672af8d') in 0.016125 seconds 
  Import took 0.020435 seconds .

========================================================================
Received Import Request.
  Time since last request: 0.000256 seconds.
  path: Assets/Sprites/Dead (8).png
  artifactKey: Guid(2722efce3d759c443a66574fd7247892) Importer(815301076,1909f56bfc062723c751e8b465ee728b)
Start importing Assets/Sprites/Dead (8).png using Guid(2722efce3d759c443a66574fd7247892) Importer(815301076,1909f56bfc062723c751e8b465ee728b)  -> (artifact id: 'ecfc398821c30f40c5862e6854f5c21a') in 0.015399 seconds 
  Import took 0.019415 seconds .

========================================================================
Received Import Request.
  Time since last request: 0.000212 seconds.
  path: Assets/Sprites/Hurt (1).png
  artifactKey: Guid(52455173381b7e843ab7b9d575730d68) Importer(815301076,1909f56bfc062723c751e8b465ee728b)
Start importing Assets/Sprites/Hurt (1).png using Guid(52455173381b7e843ab7b9d575730d68) Importer(815301076,1909f56bfc062723c751e8b465ee728b)  -> (artifact id: 'c37ce2c5138eb7ca5412ba71d00dc0e0') in 0.013885 seconds 
  Import took 0.020762 seconds .

========================================================================
Received Import Request.
  Time since last request: 0.000375 seconds.
  path: Assets/Sprites/Idle (10).png
  artifactKey: Guid(7c56a381a52769d4da2464f0e192fdee) Importer(815301076,1909f56bfc062723c751e8b465ee728b)
Start importing Assets/Sprites/Idle (10).png using Guid(7c56a381a52769d4da2464f0e192fdee) Importer(815301076,1909f56bfc062723c751e8b465ee728b)  -> (artifact id: 'a8ea72d16609887d56e3e456a79fbbae') in 0.014272 seconds 
  Import took 0.018270 seconds .

========================================================================
Received Import Request.
  Time since last request: 0.000226 seconds.
  path: Assets/Sprites/Idle (4).png
  artifactKey: Guid(af50b24562b89ac458eea7ad19e6ade2) Importer(815301076,1909f56bfc062723c751e8b465ee728b)
Start importing Assets/Sprites/Idle (4).png using Guid(af50b24562b89ac458eea7ad19e6ade2) Importer(815301076,1909f56bfc062723c751e8b465ee728b)  -> (artifact id: '1aaeb8b68422366de32465b1178ea2bb') in 0.015640 seconds 
  Import took 0.019752 seconds .

========================================================================
Received Import Request.
  Time since last request: 0.000696 seconds.
  path: Assets/Sprites/Idle (1).png
  artifactKey: Guid(ff5533f34e87e2e409c263d1249525b4) Importer(815301076,1909f56bfc062723c751e8b465ee728b)
Start importing Assets/Sprites/Idle (1).png using Guid(ff5533f34e87e2e409c263d1249525b4) Importer(815301076,1909f56bfc062723c751e8b465ee728b)  -> (artifact id: 'f70fe2236e274e32dfb4063d2fedacba') in 0.013135 seconds 
  Import took 0.017318 seconds .

========================================================================
Received Import Request.
  Time since last request: 0.000208 seconds.
  path: Assets/Sprites/Dead (10).png
  artifactKey: Guid(f04ea9755047b6742a7095a86851e4f4) Importer(815301076,1909f56bfc062723c751e8b465ee728b)
Start importing Assets/Sprites/Dead (10).png using Guid(f04ea9755047b6742a7095a86851e4f4) Importer(815301076,1909f56bfc062723c751e8b465ee728b)  -> (artifact id: 'eab983c975beef76018971fcbd03e1a1') in 0.014360 seconds 
  Import took 0.018333 seconds .

========================================================================
Received Import Request.
  Time since last request: 0.000194 seconds.
  path: Assets/Sprites/Idle (9).png
  artifactKey: Guid(eecbb0781b93b9e4e8cede7a77df1da0) Importer(815301076,1909f56bfc062723c751e8b465ee728b)
Start importing Assets/Sprites/Idle (9).png using Guid(eecbb0781b93b9e4e8cede7a77df1da0) Importer(815301076,1909f56bfc062723c751e8b465ee728b)  -> (artifact id: '69e77552d203caad05a509cc1191f6cc') in 0.013809 seconds 
  Import took 0.018721 seconds .

========================================================================
Received Import Request.
  Time since last request: 0.000227 seconds.
  path: Assets/Sprites/Dead (5).png
  artifactKey: Guid(44df122a00fa1784aa93bbe96b504451) Importer(815301076,1909f56bfc062723c751e8b465ee728b)
Start importing Assets/Sprites/Dead (5).png using Guid(44df122a00fa1784aa93bbe96b504451) Importer(815301076,1909f56bfc062723c751e8b465ee728b)  -> (artifact id: 'acf95153be8cb29ecb62beb567ccce77') in 0.012214 seconds 
  Import took 0.017812 seconds .

========================================================================
Received Import Request.
  Time since last request: 0.000643 seconds.
  path: Assets/Sprites/Idle (8).png
  artifactKey: Guid(0f06faf55d6b3b94ebc467f6b5b2e8ce) Importer(815301076,1909f56bfc062723c751e8b465ee728b)
Start importing Assets/Sprites/Idle (8).png using Guid(0f06faf55d6b3b94ebc467f6b5b2e8ce) Importer(815301076,1909f56bfc062723c751e8b465ee728b)  -> (artifact id: 'a15cb5f3307cb3d58113a8dda37b2c22') in 0.011840 seconds 
  Import took 0.018703 seconds .

========================================================================
Received Import Request.
  Time since last request: 0.000260 seconds.
  path: Assets/Sprites/Dead (9).png
  artifactKey: Guid(f4cf011fdffccb94aa55d8f9cf2e7585) Importer(815301076,1909f56bfc062723c751e8b465ee728b)
Start importing Assets/Sprites/Dead (9).png using Guid(f4cf011fdffccb94aa55d8f9cf2e7585) Importer(815301076,1909f56bfc062723c751e8b465ee728b)  -> (artifact id: 'aa238cb91a736e3085cc13a5c58f9311') in 0.011315 seconds 
  Import took 0.016997 seconds .

========================================================================
Received Import Request.
  Time since last request: 0.000258 seconds.
  path: Assets/Sprites/Idle (2).png
  artifactKey: Guid(e0523b6bdef96054384be10962913e08) Importer(815301076,1909f56bfc062723c751e8b465ee728b)
Start importing Assets/Sprites/Idle (2).png using Guid(e0523b6bdef96054384be10962913e08) Importer(815301076,1909f56bfc062723c751e8b465ee728b)  -> (artifact id: '27da12036eddbc4a320f29085e66d1e8') in 0.013286 seconds 
  Import took 0.018749 seconds .

========================================================================
Received Import Request.
  Time since last request: 0.000229 seconds.
  path: Assets/Sprites/Jump (2).png
  artifactKey: Guid(5fd4482130030074b85061e9794f335d) Importer(815301076,1909f56bfc062723c751e8b465ee728b)
Start importing Assets/Sprites/Jump (2).png using Guid(5fd4482130030074b85061e9794f335d) Importer(815301076,1909f56bfc062723c751e8b465ee728b)  -> (artifact id: '85675162e646f179c566b67e928d77b4') in 0.012608 seconds 
  Import took 0.015970 seconds .

========================================================================
Received Import Request.
  Time since last request: 0.000303 seconds.
  path: Assets/Sprites/Hurt (4).png
  artifactKey: Guid(23577ed1f8eb55a44adb627b6b5e66d4) Importer(815301076,1909f56bfc062723c751e8b465ee728b)
Start importing Assets/Sprites/Hurt (4).png using Guid(23577ed1f8eb55a44adb627b6b5e66d4) Importer(815301076,1909f56bfc062723c751e8b465ee728b)  -> (artifact id: 'fda4c615998e969cdca4fb0224828a7c') in 0.014352 seconds 
  Import took 0.019363 seconds .

========================================================================
Received Import Request.
  Time since last request: 0.000207 seconds.
  path: Assets/Sprites/Fall (8).png
  artifactKey: Guid(29c36012af6ba4c46aef60da2edd582e) Importer(815301076,1909f56bfc062723c751e8b465ee728b)
Start importing Assets/Sprites/Fall (8).png using Guid(29c36012af6ba4c46aef60da2edd582e) Importer(815301076,1909f56bfc062723c751e8b465ee728b)  -> (artifact id: '3adb931d17c67685ffe947a3c113cfaa') in 0.013955 seconds 
  Import took 0.018883 seconds .

========================================================================
Received Import Request.
  Time since last request: 0.000812 seconds.
  path: Assets/Sprites/Jump (3).png
  artifactKey: Guid(5ec5ee1c4d3314446a1a326372d0d928) Importer(815301076,1909f56bfc062723c751e8b465ee728b)
Start importing Assets/Sprites/Jump (3).png using Guid(5ec5ee1c4d3314446a1a326372d0d928) Importer(815301076,1909f56bfc062723c751e8b465ee728b)  -> (artifact id: '6ad22cd20bdfa84d52da4028a0c6c342') in 0.015175 seconds 
  Import took 0.020174 seconds .

========================================================================
Received Import Request.
  Time since last request: 0.000292 seconds.
  path: Assets/Sprites/Fall (3).png
  artifactKey: Guid(45ca5dbf85cb9ac479e1aefe36c811b0) Importer(815301076,1909f56bfc062723c751e8b465ee728b)
Start importing Assets/Sprites/Fall (3).png using Guid(45ca5dbf85cb9ac479e1aefe36c811b0) Importer(815301076,1909f56bfc062723c751e8b465ee728b)  -> (artifact id: '1fc88907637bacb0dde586a435790935') in 0.014978 seconds 
  Import took 0.021317 seconds .

========================================================================
Received Import Request.
  Time since last request: 0.000200 seconds.
  path: Assets/Sprites/Jump (7).png
  artifactKey: Guid(35145b85bc517e7468af43dbe0815154) Importer(815301076,1909f56bfc062723c751e8b465ee728b)
Start importing Assets/Sprites/Jump (7).png using Guid(35145b85bc517e7468af43dbe0815154) Importer(815301076,1909f56bfc062723c751e8b465ee728b)  -> (artifact id: '57fb6c75656ef61fd4dfe9991a81fc1f') in 0.016106 seconds 
  Import took 0.020372 seconds .

========================================================================
Received Import Request.
  Time since last request: 0.000288 seconds.
  path: Assets/Sprites/Hurt (5).png
  artifactKey: Guid(092fbefef0a74ee499a848ba0ccb81c9) Importer(815301076,1909f56bfc062723c751e8b465ee728b)
Start importing Assets/Sprites/Hurt (5).png using Guid(092fbefef0a74ee499a848ba0ccb81c9) Importer(815301076,1909f56bfc062723c751e8b465ee728b)  -> (artifact id: '3fb061abcc3b0677dca5089d9aea9873') in 0.013940 seconds 
  Import took 0.019641 seconds .

========================================================================
Received Import Request.
  Time since last request: 0.000213 seconds.
  path: Assets/Sprites/Fall (4).png
  artifactKey: Guid(21e804c4f94d9c845981f69724354d11) Importer(815301076,1909f56bfc062723c751e8b465ee728b)
Start importing Assets/Sprites/Fall (4).png using Guid(21e804c4f94d9c845981f69724354d11) Importer(815301076,1909f56bfc062723c751e8b465ee728b)  -> (artifact id: '2068e188d590aec23b5516b504c5eb14') in 0.015396 seconds 
  Import took 0.020226 seconds .

========================================================================
Received Import Request.
  Time since last request: 0.000430 seconds.
  path: Assets/Sprites/Fall (7).png
  artifactKey: Guid(bbea94362a746454fb6915554e560a58) Importer(815301076,1909f56bfc062723c751e8b465ee728b)
Start importing Assets/Sprites/Fall (7).png using Guid(bbea94362a746454fb6915554e560a58) Importer(815301076,1909f56bfc062723c751e8b465ee728b)  -> (artifact id: '23da42ea3ce39367302e63b2d45a3f4f') in 0.015225 seconds 
  Import took 0.024521 seconds .

========================================================================
Received Import Request.
  Time since last request: 0.000218 seconds.
  path: Assets/Sprites/Idle (5).png
  artifactKey: Guid(e38524c2349fe7244939f701554afee4) Importer(815301076,1909f56bfc062723c751e8b465ee728b)
Start importing Assets/Sprites/Idle (5).png using Guid(e38524c2349fe7244939f701554afee4) Importer(815301076,1909f56bfc062723c751e8b465ee728b)  -> (artifact id: '33717cf7364159d322e9bd3a032d4543') in 0.017817 seconds 
  Import took 0.022400 seconds .

========================================================================
Received Import Request.
  Time since last request: 106.455187 seconds.
  path: Assets/Animations
  artifactKey: Guid(1b6934e1032f5d6469d93a7a1b511804) Importer(815301076,1909f56bfc062723c751e8b465ee728b)
Start importing Assets/Animations using Guid(1b6934e1032f5d6469d93a7a1b511804) Importer(815301076,1909f56bfc062723c751e8b465ee728b)  -> (artifact id: '3014fe2d0a4ee7c2b7f7493e98f92152') in 0.001899 seconds 
  Import took 0.005677 seconds .

========================================================================
Received Import Request.
  Time since last request: 5.974571 seconds.
  path: Assets/Sprites/Jump (8).png
  artifactKey: Guid(7ba4d5a1ea12f1144acc2eeab822e6b8) Importer(815301076,1909f56bfc062723c751e8b465ee728b)
Start importing Assets/Sprites/Jump (8).png using Guid(7ba4d5a1ea12f1144acc2eeab822e6b8) Importer(815301076,1909f56bfc062723c751e8b465ee728b)  -> (artifact id: 'bca3e7dff3c230422146c16765d4698b') in 0.015130 seconds 
  Import took 0.018458 seconds .

========================================================================
Received Import Request.
  Time since last request: 0.000376 seconds.
  path: Assets/Sprites/Run (1).png
  artifactKey: Guid(789061b488324d24d9dec36aa7edef89) Importer(815301076,1909f56bfc062723c751e8b465ee728b)
Start importing Assets/Sprites/Run (1).png using Guid(789061b488324d24d9dec36aa7edef89) Importer(815301076,1909f56bfc062723c751e8b465ee728b)  -> (artifact id: 'd0f48a68b9a527004f607568d2ad90f1') in 0.025083 seconds 
  Import took 0.029420 seconds .

========================================================================
Received Import Request.
  Time since last request: 0.000302 seconds.
  path: Assets/Sprites/Run (4).png
  artifactKey: Guid(7294c3747403c4b40943d4a3d2314c0a) Importer(815301076,1909f56bfc062723c751e8b465ee728b)
Start importing Assets/Sprites/Run (4).png using Guid(7294c3747403c4b40943d4a3d2314c0a) Importer(815301076,1909f56bfc062723c751e8b465ee728b)  -> (artifact id: 'dfc28518e36fe90d6c88265c2cacbcc0') in 0.030047 seconds 
  Import took 0.035093 seconds .

========================================================================
Received Import Request.
  Time since last request: 0.000315 seconds.
  path: Assets/Sprites/Run (8).png
  artifactKey: Guid(0ee782cf12e9d864f93df14abd09d65e) Importer(815301076,1909f56bfc062723c751e8b465ee728b)
Start importing Assets/Sprites/Run (8).png using Guid(0ee782cf12e9d864f93df14abd09d65e) Importer(815301076,1909f56bfc062723c751e8b465ee728b)  -> (artifact id: '0d327ed5a268b7b4c4b317d9aa3eb56a') in 0.017462 seconds 
  Import took 0.021764 seconds .

========================================================================
Received Import Request.
  Time since last request: 0.000275 seconds.
  path: Assets/Sprites/Run (5).png
  artifactKey: Guid(0b3e9e21610ff1c419257f8ae8148329) Importer(815301076,1909f56bfc062723c751e8b465ee728b)
Start importing Assets/Sprites/Run (5).png using Guid(0b3e9e21610ff1c419257f8ae8148329) Importer(815301076,1909f56bfc062723c751e8b465ee728b)  -> (artifact id: '1e726d8ec706c7ec3774db4bab0c2feb') in 0.016117 seconds 
  Import took 0.020270 seconds .

========================================================================
Received Import Request.
  Time since last request: 0.000251 seconds.
  path: Assets/Sprites/Run (2).png
  artifactKey: Guid(c4fc2137cd81c6f47a80fb6ce849a032) Importer(815301076,1909f56bfc062723c751e8b465ee728b)
Start importing Assets/Sprites/Run (2).png using Guid(c4fc2137cd81c6f47a80fb6ce849a032) Importer(815301076,1909f56bfc062723c751e8b465ee728b)  -> (artifact id: '9983d3124aff047bf63f0308dfe2d3ac') in 0.021927 seconds 
  Import took 0.027656 seconds .

========================================================================
Received Import Request.
  Time since last request: 0.000247 seconds.
  path: Assets/Sprites/Slide (2).png
  artifactKey: Guid(33402700db057364f9c355f3b9cec418) Importer(815301076,1909f56bfc062723c751e8b465ee728b)
Start importing Assets/Sprites/Slide (2).png using Guid(33402700db057364f9c355f3b9cec418) Importer(815301076,1909f56bfc062723c751e8b465ee728b)  -> (artifact id: '2eacfd48316694c0676b42b980ce03d7') in 0.019419 seconds 
  Import took 0.023976 seconds .

========================================================================
Received Import Request.
  Time since last request: 0.000337 seconds.
  path: Assets/Sprites/Slide (1).png
  artifactKey: Guid(f3deed93e9a79b14ea445262dec72d8d) Importer(815301076,1909f56bfc062723c751e8b465ee728b)
Start importing Assets/Sprites/Slide (1).png using Guid(f3deed93e9a79b14ea445262dec72d8d) Importer(815301076,1909f56bfc062723c751e8b465ee728b)  -> (artifact id: '5b7a29c3306a2e21c1285018bcdafbda') in 0.018272 seconds 
  Import took 0.022256 seconds .

========================================================================
Received Import Request.
  Time since last request: 0.000290 seconds.
  path: Assets/Sprites/Run (7).png
  artifactKey: Guid(8252b9982adba2d49a0f40008e23e879) Importer(815301076,1909f56bfc062723c751e8b465ee728b)
Start importing Assets/Sprites/Run (7).png using Guid(8252b9982adba2d49a0f40008e23e879) Importer(815301076,1909f56bfc062723c751e8b465ee728b)  -> (artifact id: '9a5b63c3cf86f8bf2c76ce25a2489671') in 0.020401 seconds 
  Import took 0.025393 seconds .

========================================================================
Received Import Request.
  Time since last request: 0.000255 seconds.
  path: Assets/Sprites/Run (6).png
  artifactKey: Guid(b3dbe5e5c1afbda4888cce87b9d5420d) Importer(815301076,1909f56bfc062723c751e8b465ee728b)
Start importing Assets/Sprites/Run (6).png using Guid(b3dbe5e5c1afbda4888cce87b9d5420d) Importer(815301076,1909f56bfc062723c751e8b465ee728b)  -> (artifact id: 'e29440175d915f2a362497229fcca8a0') in 0.021869 seconds 
  Import took 0.027304 seconds .

========================================================================
Received Import Request.
  Time since last request: 0.000270 seconds.
  path: Assets/Sprites/Run (3).png
  artifactKey: Guid(7304d8f633d3e85469496deffec794c1) Importer(815301076,1909f56bfc062723c751e8b465ee728b)
Start importing Assets/Sprites/Run (3).png using Guid(7304d8f633d3e85469496deffec794c1) Importer(815301076,1909f56bfc062723c751e8b465ee728b)  -> (artifact id: 'f968fbaa34f1e133d183312f7fa56149') in 0.017258 seconds 
  Import took 0.022059 seconds .

========================================================================
Received Import Request.
  Time since last request: 5.928867 seconds.
  path: Assets/Sprites/Slide (3).png
  artifactKey: Guid(58531e0fa000a794ea6d3d061d1135e4) Importer(815301076,1909f56bfc062723c751e8b465ee728b)
Start importing Assets/Sprites/Slide (3).png using Guid(58531e0fa000a794ea6d3d061d1135e4) Importer(815301076,1909f56bfc062723c751e8b465ee728b)  -> (artifact id: 'aeac03e130ee5ee984a57079b05b1d1e') in 0.026035 seconds 
  Import took 0.029290 seconds .

========================================================================
Received Import Request.
  Time since last request: 0.000309 seconds.
  path: Assets/Sprites/Walk (3).png
  artifactKey: Guid(68582274cbb7d8f4f9706e1c42833ee9) Importer(815301076,1909f56bfc062723c751e8b465ee728b)
Start importing Assets/Sprites/Walk (3).png using Guid(68582274cbb7d8f4f9706e1c42833ee9) Importer(815301076,1909f56bfc062723c751e8b465ee728b)  -> (artifact id: '0f30f63336089eff3be09c10c5fd9645') in 0.016289 seconds 
  Import took 0.019444 seconds .

========================================================================
Received Import Request.
  Time since last request: 0.000291 seconds.
  path: Assets/Sprites/Slide (4).png
  artifactKey: Guid(c336b0e36603062448cdddbbadcc9c6f) Importer(815301076,1909f56bfc062723c751e8b465ee728b)
Start importing Assets/Sprites/Slide (4).png using Guid(c336b0e36603062448cdddbbadcc9c6f) Importer(815301076,1909f56bfc062723c751e8b465ee728b)  -> (artifact id: '60c8f3925e8ca8ea9b09cf02fae349c6') in 0.018073 seconds 
  Import took 0.023977 seconds .

========================================================================
Received Import Request.
  Time since last request: 0.000395 seconds.
  path: Assets/Sprites/Walk (2).png
  artifactKey: Guid(0dc52c0949352d745864aa71b1dd4423) Importer(815301076,1909f56bfc062723c751e8b465ee728b)
Start importing Assets/Sprites/Walk (2).png using Guid(0dc52c0949352d745864aa71b1dd4423) Importer(815301076,1909f56bfc062723c751e8b465ee728b)  -> (artifact id: '2b19bab9dce3be40ab658735a6ae9c61') in 0.024628 seconds 
  Import took 0.028594 seconds .

========================================================================
Received Import Request.
  Time since last request: 0.000326 seconds.
  path: Assets/Sprites/Slide (9).png
  artifactKey: Guid(e721bf7e75f375042adbff73485fbd7f) Importer(815301076,1909f56bfc062723c751e8b465ee728b)
Start importing Assets/Sprites/Slide (9).png using Guid(e721bf7e75f375042adbff73485fbd7f) Importer(815301076,1909f56bfc062723c751e8b465ee728b)  -> (artifact id: '98510c8d6e8938a6c7a258da1a44bbe6') in 0.012304 seconds 
  Import took 0.015211 seconds .

========================================================================
Received Import Request.
  Time since last request: 0.000252 seconds.
  path: Assets/Sprites/Slide (8).png
  artifactKey: Guid(53eb28d151351b04498e629f5fa51898) Importer(815301076,1909f56bfc062723c751e8b465ee728b)
Start importing Assets/Sprites/Slide (8).png using Guid(53eb28d151351b04498e629f5fa51898) Importer(815301076,1909f56bfc062723c751e8b465ee728b)  -> (artifact id: '719846c17c712f49408ddd8e51e11d37') in 0.011113 seconds 
  Import took 0.014318 seconds .

========================================================================
Received Import Request.
  Time since last request: 0.000309 seconds.
  path: Assets/Sprites/Walk (1).png
  artifactKey: Guid(e8d04911258c4ac4b8c86e307317f885) Importer(815301076,1909f56bfc062723c751e8b465ee728b)
Start importing Assets/Sprites/Walk (1).png using Guid(e8d04911258c4ac4b8c86e307317f885) Importer(815301076,1909f56bfc062723c751e8b465ee728b)  -> (artifact id: '4fb3cb1f6c2c2053ca67d79a8d6b42de') in 0.011294 seconds 
  Import took 0.014507 seconds .

========================================================================
Received Import Request.
  Time since last request: 0.000374 seconds.
  path: Assets/Sprites/Slide (7).png
  artifactKey: Guid(c6327ca5a5158ac4ca37b057a7a0593e) Importer(815301076,1909f56bfc062723c751e8b465ee728b)
Start importing Assets/Sprites/Slide (7).png using Guid(c6327ca5a5158ac4ca37b057a7a0593e) Importer(815301076,1909f56bfc062723c751e8b465ee728b)  -> (artifact id: '0aee5eb853a43ee69afe0dd09bce0544') in 0.011320 seconds 
  Import took 0.014453 seconds .

========================================================================
Received Import Request.
  Time since last request: 0.000281 seconds.
  path: Assets/Sprites/Slide (10).png
  artifactKey: Guid(40915da20283b4a488a9a6145cdc0f7d) Importer(815301076,1909f56bfc062723c751e8b465ee728b)
Start importing Assets/Sprites/Slide (10).png using Guid(40915da20283b4a488a9a6145cdc0f7d) Importer(815301076,1909f56bfc062723c751e8b465ee728b)  -> (artifact id: '92bf1364c43f5ea30d382bad7476d607') in 0.011296 seconds 
  Import took 0.014281 seconds .

========================================================================
Received Import Request.
  Time since last request: 0.000296 seconds.
  path: Assets/Sprites/Slide (6).png
  artifactKey: Guid(d7d77d6a60261ab4ba0276f1c09ee307) Importer(815301076,1909f56bfc062723c751e8b465ee728b)
Start importing Assets/Sprites/Slide (6).png using Guid(d7d77d6a60261ab4ba0276f1c09ee307) Importer(815301076,1909f56bfc062723c751e8b465ee728b)  -> (artifact id: '57f7f3c39195debb6a639b6ce5f3a6af') in 0.011119 seconds 
  Import took 0.014379 seconds .

========================================================================
Received Import Request.
  Time since last request: 0.000297 seconds.
  path: Assets/Sprites/Slide (5).png
  artifactKey: Guid(62453652dec3f0d4e945a33db080cf87) Importer(815301076,1909f56bfc062723c751e8b465ee728b)
Start importing Assets/Sprites/Slide (5).png using Guid(62453652dec3f0d4e945a33db080cf87) Importer(815301076,1909f56bfc062723c751e8b465ee728b)  -> (artifact id: 'cd1e044819bdf3e7511819287b47694e') in 0.012218 seconds 
  Import took 0.015282 seconds .

========================================================================
Received Import Request.
  Time since last request: 1.164318 seconds.
  path: Assets/Sprites/Idle (1) 1.png
  artifactKey: Guid(1d28c111cf5eb01418a6b7c78383e704) Importer(815301076,1909f56bfc062723c751e8b465ee728b)
Start importing Assets/Sprites/Idle (1) 1.png using Guid(1d28c111cf5eb01418a6b7c78383e704) Importer(815301076,1909f56bfc062723c751e8b465ee728b)  -> (artifact id: 'bf5636b43b37c4e434a045e20f7446f2') in 0.017763 seconds 
  Import took 0.021046 seconds .

========================================================================
Received Import Request.
  Time since last request: 0.000246 seconds.
  path: Assets/Sprites/Idle (10) 1.png
  artifactKey: Guid(fc0a9a3d1e7a602449e9926c17393428) Importer(815301076,1909f56bfc062723c751e8b465ee728b)
Start importing Assets/Sprites/Idle (10) 1.png using Guid(fc0a9a3d1e7a602449e9926c17393428) Importer(815301076,1909f56bfc062723c751e8b465ee728b)  -> (artifact id: 'f804397984db6c2a4c11fc99de8f9b6a') in 0.016973 seconds 
  Import took 0.022258 seconds .

========================================================================
Received Import Request.
  Time since last request: 66.279049 seconds.
  path: Assets/Sprites/Walk (4).png
  artifactKey: Guid(055dea3284cc9394580f7f02e849a0b7) Importer(815301076,1909f56bfc062723c751e8b465ee728b)
Start importing Assets/Sprites/Walk (4).png using Guid(055dea3284cc9394580f7f02e849a0b7) Importer(815301076,1909f56bfc062723c751e8b465ee728b)  -> (artifact id: 'fde07c36b242009106a4862240a6dee0') in 0.014132 seconds 
  Import took 0.017609 seconds .

========================================================================
Received Import Request.
  Time since last request: 0.000286 seconds.
  path: Assets/Sprites/Walk (8).png
  artifactKey: Guid(87f50e868ea903f4d9bda18a12616827) Importer(815301076,1909f56bfc062723c751e8b465ee728b)
Start importing Assets/Sprites/Walk (8).png using Guid(87f50e868ea903f4d9bda18a12616827) Importer(815301076,1909f56bfc062723c751e8b465ee728b)  -> (artifact id: '12645cff7d7f27d95046a08141b3c189') in 0.018909 seconds 
  Import took 0.025005 seconds .

========================================================================
Received Import Request.
  Time since last request: 0.000923 seconds.
  path: Assets/Sprites/Walk (6).png
  artifactKey: Guid(db07ad7c95aaaba4eb81314c4052c6eb) Importer(815301076,1909f56bfc062723c751e8b465ee728b)
Start importing Assets/Sprites/Walk (6).png using Guid(db07ad7c95aaaba4eb81314c4052c6eb) Importer(815301076,1909f56bfc062723c751e8b465ee728b)  -> (artifact id: '12a23e9d9b5ebb9608a13759fecdc883') in 0.022302 seconds 
  Import took 0.027370 seconds .

========================================================================
Received Import Request.
  Time since last request: 0.000308 seconds.
  path: Assets/Sprites/Walk (10).png
  artifactKey: Guid(4be0bb5e80e923a4db76db1febe1f9f8) Importer(815301076,1909f56bfc062723c751e8b465ee728b)
Start importing Assets/Sprites/Walk (10).png using Guid(4be0bb5e80e923a4db76db1febe1f9f8) Importer(815301076,1909f56bfc062723c751e8b465ee728b)  -> (artifact id: 'e9c34bdd4084665bbf9f26b0187ef35b') in 0.016798 seconds 
  Import took 0.024264 seconds .

========================================================================
Received Import Request.
  Time since last request: 0.000309 seconds.
  path: Assets/Sprites/Walk (7).png
  artifactKey: Guid(056cf4407f78154478b729546ff3278d) Importer(815301076,1909f56bfc062723c751e8b465ee728b)
Start importing Assets/Sprites/Walk (7).png using Guid(056cf4407f78154478b729546ff3278d) Importer(815301076,1909f56bfc062723c751e8b465ee728b)  -> (artifact id: '4edb9c14662e7f40a037c8cc2725571d') in 0.022464 seconds 
  Import took 0.026753 seconds .

========================================================================
Received Import Request.
  Time since last request: 0.000800 seconds.
  path: Assets/Sprites/Walk (9).png
  artifactKey: Guid(4eea93b4b2c0d884abc2d4902e8c9e0a) Importer(815301076,1909f56bfc062723c751e8b465ee728b)
Start importing Assets/Sprites/Walk (9).png using Guid(4eea93b4b2c0d884abc2d4902e8c9e0a) Importer(815301076,1909f56bfc062723c751e8b465ee728b)  -> (artifact id: '124a087ef97cfa34a0024ca4d4cf3371') in 0.017459 seconds 
  Import took 0.024723 seconds .

========================================================================
Received Import Request.
  Time since last request: 0.000280 seconds.
  path: Assets/Sprites/Walk (5).png
  artifactKey: Guid(3607f11c3eae1684cb6e74c67dcfff0f) Importer(815301076,1909f56bfc062723c751e8b465ee728b)
Start importing Assets/Sprites/Walk (5).png using Guid(3607f11c3eae1684cb6e74c67dcfff0f) Importer(815301076,1909f56bfc062723c751e8b465ee728b)  -> (artifact id: '37117ebd8370028d1f233e5458541967') in 0.025125 seconds 
  Import took 0.029027 seconds .

========================================================================
Received Import Request.
  Time since last request: 437.776779 seconds.
  path: Assets/Animations/Idle (1).controller
  artifactKey: Guid(2adaa72467d4113498ea651e8a8b4d8e) Importer(815301076,1909f56bfc062723c751e8b465ee728b)
Start importing Assets/Animations/Idle (1).controller using Guid(2adaa72467d4113498ea651e8a8b4d8e) Importer(815301076,1909f56bfc062723c751e8b465ee728b)  -> (artifact id: 'ec3fc7c1ced5c9b60840b27501e4d65e') in 0.014548 seconds 
  Import took 0.018734 seconds .

========================================================================
Received Import Request.
  Time since last request: 169.239165 seconds.
  path: Assets/Animations/Idle.anim
  artifactKey: Guid(e4deb1efe40b0494498fdecbe10d0d95) Importer(815301076,1909f56bfc062723c751e8b465ee728b)
Start importing Assets/Animations/Idle.anim using Guid(e4deb1efe40b0494498fdecbe10d0d95) Importer(815301076,1909f56bfc062723c751e8b465ee728b)  -> (artifact id: 'b39b2e096830b7c73440aec64b53a011') in 0.003928 seconds 
  Import took 0.007657 seconds .

========================================================================
Received Import Request.
  Time since last request: 12.842248 seconds.
  path: Assets/Animations/Walk.anim
  artifactKey: Guid(0a498dfb6a7f6114a91e120350c3974e) Importer(815301076,1909f56bfc062723c751e8b465ee728b)
Start importing Assets/Animations/Walk.anim using Guid(0a498dfb6a7f6114a91e120350c3974e) Importer(815301076,1909f56bfc062723c751e8b465ee728b)  -> (artifact id: '1bd6ebcc00085c933e72114810e6a318') in 0.003497 seconds 
  Import took 0.008021 seconds .

========================================================================
Received Import Request.
  Time since last request: 2.029242 seconds.
  path: Assets/Animations/Walk (1).controller
  artifactKey: Guid(a078901f928e4824eb1a2ef1ca48da76) Importer(815301076,1909f56bfc062723c751e8b465ee728b)
Start importing Assets/Animations/Walk (1).controller using Guid(a078901f928e4824eb1a2ef1ca48da76) Importer(815301076,1909f56bfc062723c751e8b465ee728b)  -> (artifact id: 'c72a4fa800a8e2482dde36ebff55017a') in 0.004582 seconds 
  Import took 0.009746 seconds .

========================================================================
Received Import Request.
  Time since last request: 3.774508 seconds.
  path: Assets/Animations/Run (1).controller
  artifactKey: Guid(c42271d34baacbe4ea2c858de35a03ee) Importer(815301076,1909f56bfc062723c751e8b465ee728b)
Start importing Assets/Animations/Run (1).controller using Guid(c42271d34baacbe4ea2c858de35a03ee) Importer(815301076,1909f56bfc062723c751e8b465ee728b)  -> (artifact id: '0fb0758b34e2d1122308a588c3884a0f') in 0.002571 seconds 
  Import took 0.006349 seconds .

========================================================================
Received Import Request.
  Time since last request: 36.261938 seconds.
  path: Assets/Animations/Run.anim
  artifactKey: Guid(6c8b7ac4ea9995c4bbb9fd42f89d4d6b) Importer(815301076,1909f56bfc062723c751e8b465ee728b)
Start importing Assets/Animations/Run.anim using Guid(6c8b7ac4ea9995c4bbb9fd42f89d4d6b) Importer(815301076,1909f56bfc062723c751e8b465ee728b)  -> (artifact id: '490dca479e38cf48e24b441694f860f5') in 0.003780 seconds 
  Import took 0.008664 seconds .

========================================================================
Received Import Request.
  Time since last request: 293.935340 seconds.
  path: Assets/Animations/Idle (1).controller
  artifactKey: Guid(2adaa72467d4113498ea651e8a8b4d8e) Importer(815301076,1909f56bfc062723c751e8b465ee728b)
Start importing Assets/Animations/Idle (1).controller using Guid(2adaa72467d4113498ea651e8a8b4d8e) Importer(815301076,1909f56bfc062723c751e8b465ee728b)  -> (artifact id: '55bc7faf99f7f261e0fc7c52e5298ca1') in 0.003713 seconds 
  Import took 0.007831 seconds .

========================================================================
Received Prepare
Registering precompiled user dll's ...
Registered in 0.004948 seconds.
Begin MonoManager ReloadAssembly
Native extension for WindowsStandalone target not found
Refreshing native plugins compatible for Editor in 0.73 ms, found 3 plugins.
Preloading 0 native plugins for Editor in 0.00 ms.
Mono: successfully reloaded assembly
- Completed reload, in  1.068 seconds
Domain Reload Profiling:
	ReloadAssembly (1068ms)
		BeginReloadAssembly (118ms)
			ExecutionOrderSort (0ms)
			DisableScriptedObjects (6ms)
			BackupInstance (0ms)
			ReleaseScriptingObjects (0ms)
			CreateAndSetChildDomain (33ms)
		EndReloadAssembly (886ms)
			LoadAssemblies (92ms)
			RebuildTransferFunctionScriptingTraits (0ms)
			SetupTypeCache (331ms)
			ReleaseScriptCaches (1ms)
			RebuildScriptCaches (47ms)
			SetupLoadedEditorAssemblies (313ms)
				LogAssemblyErrors (0ms)
				InitializePlatformSupportModulesInManaged (6ms)
				SetLoadedEditorAssemblies (1ms)
				RefreshPlugins (1ms)
				BeforeProcessingInitializeOnLoad (114ms)
				ProcessInitializeOnLoadAttributes (173ms)
				ProcessInitializeOnLoadMethodAttributes (12ms)
				AfterProcessingInitializeOnLoad (6ms)
				EditorAssembliesLoaded (0ms)
			ExecutionOrderSort2 (0ms)
			AwakeInstancesAfterBackupRestoration (8ms)
Platform modules already initialized, skipping
Refreshing native plugins compatible for Editor in 0.50 ms, found 3 plugins.
Preloading 0 native plugins for Editor in 0.00 ms.
Unloading 2187 Unused Serialized files (Serialized files now loaded: 0)
System memory in use before: 99.4 MB.
System memory in use after: 99.5 MB.

Unloading 17 unused Assets to reduce memory usage. Loaded Objects now: 2653.
Total: 3.102000 ms (FindLiveObjects: 0.189300 ms CreateObjectMapping: 0.065500 ms MarkObjects: 2.827000 ms  DeleteObjects: 0.019400 ms)

AssetImportParameters requested are different than current active one (requested -> active):
  custom:framework-win-MediaFoundation: 216162199b28c13a410421893ffa2e32 -> 
  custom:video-decoder-ogg-theora: a1e56fd34408186e4bbccfd4996cb3dc -> 
  custom:container-muxer-webm: aa71ff27fc2769a1b78a27578f13a17b -> 
  custom:container-demuxer-webm: 4f35f7cbe854078d1ac9338744f61a02 -> 
  custom:container-demuxer-ogg: 62fdf1f143b41e24485cea50d1cbac27 -> 
  custom:video-encoder-webm-vp8: eb34c28f22e8b96e1ab97ce403110664 -> 
  custom:video-codec-MediaFoundation-h265: 746d11721c4dcdbdad8f713fa42b33f4 -> 
  custom:video-decoder-webm-vp8: 9c59270c3fd7afecdb556c50c9e8de78 -> 
  custom:audio-decoder-ogg-vorbis: bf7c407c2cedff20999df2af8eb42d56 -> 
  custom:audio-encoder-webm-vorbis: bf7c407c2cedff20999df2af8eb42d56 -> 
========================================================================
Received Prepare
Registering precompiled user dll's ...
Registered in 0.004994 seconds.
Begin MonoManager ReloadAssembly
Native extension for WindowsStandalone target not found
Refreshing native plugins compatible for Editor in 0.47 ms, found 3 plugins.
Preloading 0 native plugins for Editor in 0.00 ms.
Mono: successfully reloaded assembly
- Completed reload, in  1.045 seconds
Domain Reload Profiling:
	ReloadAssembly (1045ms)
		BeginReloadAssembly (109ms)
			ExecutionOrderSort (0ms)
			DisableScriptedObjects (6ms)
			BackupInstance (0ms)
			ReleaseScriptingObjects (0ms)
			CreateAndSetChildDomain (31ms)
		EndReloadAssembly (878ms)
			LoadAssemblies (88ms)
			RebuildTransferFunctionScriptingTraits (0ms)
			SetupTypeCache (324ms)
			ReleaseScriptCaches (1ms)
			RebuildScriptCaches (54ms)
			SetupLoadedEditorAssemblies (309ms)
				LogAssemblyErrors (0ms)
				InitializePlatformSupportModulesInManaged (4ms)
				SetLoadedEditorAssemblies (0ms)
				RefreshPlugins (1ms)
				BeforeProcessingInitializeOnLoad (100ms)
				ProcessInitializeOnLoadAttributes (187ms)
				ProcessInitializeOnLoadMethodAttributes (11ms)
				AfterProcessingInitializeOnLoad (6ms)
				EditorAssembliesLoaded (0ms)
			ExecutionOrderSort2 (0ms)
			AwakeInstancesAfterBackupRestoration (9ms)
Platform modules already initialized, skipping
Refreshing native plugins compatible for Editor in 0.46 ms, found 3 plugins.
Preloading 0 native plugins for Editor in 0.00 ms.
Unloading 2187 Unused Serialized files (Serialized files now loaded: 0)
System memory in use before: 99.4 MB.
System memory in use after: 99.5 MB.

Unloading 17 unused Assets to reduce memory usage. Loaded Objects now: 2655.
Total: 3.394200 ms (FindLiveObjects: 0.190900 ms CreateObjectMapping: 0.075100 ms MarkObjects: 3.099300 ms  DeleteObjects: 0.027400 ms)

AssetImportParameters requested are different than current active one (requested -> active):
  custom:framework-win-MediaFoundation: 216162199b28c13a410421893ffa2e32 -> 
  custom:video-decoder-ogg-theora: a1e56fd34408186e4bbccfd4996cb3dc -> 
  custom:container-muxer-webm: aa71ff27fc2769a1b78a27578f13a17b -> 
  custom:container-demuxer-webm: 4f35f7cbe854078d1ac9338744f61a02 -> 
  custom:container-demuxer-ogg: 62fdf1f143b41e24485cea50d1cbac27 -> 
  custom:video-encoder-webm-vp8: eb34c28f22e8b96e1ab97ce403110664 -> 
  custom:video-codec-MediaFoundation-h265: 746d11721c4dcdbdad8f713fa42b33f4 -> 
  custom:video-decoder-webm-vp8: 9c59270c3fd7afecdb556c50c9e8de78 -> 
  custom:audio-decoder-ogg-vorbis: bf7c407c2cedff20999df2af8eb42d56 -> 
  custom:audio-encoder-webm-vorbis: bf7c407c2cedff20999df2af8eb42d56 -> 
========================================================================
Received Prepare
Registering precompiled user dll's ...
Registered in 0.005110 seconds.
Begin MonoManager ReloadAssembly
Native extension for WindowsStandalone target not found
Refreshing native plugins compatible for Editor in 0.47 ms, found 3 plugins.
Preloading 0 native plugins for Editor in 0.00 ms.
Mono: successfully reloaded assembly
- Completed reload, in  1.031 seconds
Domain Reload Profiling:
	ReloadAssembly (1031ms)
		BeginReloadAssembly (124ms)
			ExecutionOrderSort (0ms)
			DisableScriptedObjects (6ms)
			BackupInstance (0ms)
			ReleaseScriptingObjects (0ms)
			CreateAndSetChildDomain (31ms)
		EndReloadAssembly (827ms)
			LoadAssemblies (97ms)
			RebuildTransferFunctionScriptingTraits (0ms)
			SetupTypeCache (291ms)
			ReleaseScriptCaches (1ms)
			RebuildScriptCaches (45ms)
			SetupLoadedEditorAssemblies (311ms)
				LogAssemblyErrors (0ms)
				InitializePlatformSupportModulesInManaged (4ms)
				SetLoadedEditorAssemblies (0ms)
				RefreshPlugins (1ms)
				BeforeProcessingInitializeOnLoad (111ms)
				ProcessInitializeOnLoadAttributes (178ms)
				ProcessInitializeOnLoadMethodAttributes (11ms)
				AfterProcessingInitializeOnLoad (6ms)
				EditorAssembliesLoaded (0ms)
			ExecutionOrderSort2 (0ms)
			AwakeInstancesAfterBackupRestoration (8ms)
Platform modules already initialized, skipping
Refreshing native plugins compatible for Editor in 0.46 ms, found 3 plugins.
Preloading 0 native plugins for Editor in 0.00 ms.
Unloading 2187 Unused Serialized files (Serialized files now loaded: 0)
System memory in use before: 99.3 MB.
System memory in use after: 99.5 MB.

Unloading 17 unused Assets to reduce memory usage. Loaded Objects now: 2657.
Total: 2.987300 ms (FindLiveObjects: 0.182700 ms CreateObjectMapping: 0.070900 ms MarkObjects: 2.714800 ms  DeleteObjects: 0.018000 ms)

AssetImportParameters requested are different than current active one (requested -> active):
  custom:framework-win-MediaFoundation: 216162199b28c13a410421893ffa2e32 -> 
  custom:video-decoder-ogg-theora: a1e56fd34408186e4bbccfd4996cb3dc -> 
  custom:container-muxer-webm: aa71ff27fc2769a1b78a27578f13a17b -> 
  custom:container-demuxer-webm: 4f35f7cbe854078d1ac9338744f61a02 -> 
  custom:container-demuxer-ogg: 62fdf1f143b41e24485cea50d1cbac27 -> 
  custom:video-encoder-webm-vp8: eb34c28f22e8b96e1ab97ce403110664 -> 
  custom:video-codec-MediaFoundation-h265: 746d11721c4dcdbdad8f713fa42b33f4 -> 
  custom:video-decoder-webm-vp8: 9c59270c3fd7afecdb556c50c9e8de78 -> 
  custom:audio-decoder-ogg-vorbis: bf7c407c2cedff20999df2af8eb42d56 -> 
  custom:audio-encoder-webm-vorbis: bf7c407c2cedff20999df2af8eb42d56 -> 
========================================================================
Received Prepare
Registering precompiled user dll's ...
Registered in 0.006120 seconds.
Begin MonoManager ReloadAssembly
Native extension for WindowsStandalone target not found
Refreshing native plugins compatible for Editor in 0.80 ms, found 3 plugins.
Preloading 0 native plugins for Editor in 0.00 ms.
Mono: successfully reloaded assembly
- Completed reload, in  1.445 seconds
Domain Reload Profiling:
	ReloadAssembly (1446ms)
		BeginReloadAssembly (166ms)
			ExecutionOrderSort (0ms)
			DisableScriptedObjects (9ms)
			BackupInstance (0ms)
			ReleaseScriptingObjects (0ms)
			CreateAndSetChildDomain (53ms)
		EndReloadAssembly (1186ms)
			LoadAssemblies (141ms)
			RebuildTransferFunctionScriptingTraits (0ms)
			SetupTypeCache (422ms)
			ReleaseScriptCaches (2ms)
			RebuildScriptCaches (68ms)
			SetupLoadedEditorAssemblies (425ms)
				LogAssemblyErrors (0ms)
				InitializePlatformSupportModulesInManaged (6ms)
				SetLoadedEditorAssemblies (1ms)
				RefreshPlugins (1ms)
				BeforeProcessingInitializeOnLoad (138ms)
				ProcessInitializeOnLoadAttributes (253ms)
				ProcessInitializeOnLoadMethodAttributes (16ms)
				AfterProcessingInitializeOnLoad (10ms)
				EditorAssembliesLoaded (0ms)
			ExecutionOrderSort2 (0ms)
			AwakeInstancesAfterBackupRestoration (13ms)
Platform modules already initialized, skipping
Refreshing native plugins compatible for Editor in 0.62 ms, found 3 plugins.
Preloading 0 native plugins for Editor in 0.00 ms.
Unloading 2187 Unused Serialized files (Serialized files now loaded: 0)
System memory in use before: 99.3 MB.
System memory in use after: 99.5 MB.

Unloading 17 unused Assets to reduce memory usage. Loaded Objects now: 2659.
Total: 4.929800 ms (FindLiveObjects: 0.374100 ms CreateObjectMapping: 0.177400 ms MarkObjects: 4.353600 ms  DeleteObjects: 0.022500 ms)

AssetImportParameters requested are different than current active one (requested -> active):
  custom:framework-win-MediaFoundation: 216162199b28c13a410421893ffa2e32 -> 
  custom:video-decoder-ogg-theora: a1e56fd34408186e4bbccfd4996cb3dc -> 
  custom:container-muxer-webm: aa71ff27fc2769a1b78a27578f13a17b -> 
  custom:container-demuxer-webm: 4f35f7cbe854078d1ac9338744f61a02 -> 
  custom:container-demuxer-ogg: 62fdf1f143b41e24485cea50d1cbac27 -> 
  custom:video-encoder-webm-vp8: eb34c28f22e8b96e1ab97ce403110664 -> 
  custom:video-codec-MediaFoundation-h265: 746d11721c4dcdbdad8f713fa42b33f4 -> 
  custom:video-decoder-webm-vp8: 9c59270c3fd7afecdb556c50c9e8de78 -> 
  custom:audio-decoder-ogg-vorbis: bf7c407c2cedff20999df2af8eb42d56 -> 
  custom:audio-encoder-webm-vorbis: bf7c407c2cedff20999df2af8eb42d56 -> 
========================================================================
Received Prepare
Registering precompiled user dll's ...
Registered in 0.010099 seconds.
Begin MonoManager ReloadAssembly
Native extension for WindowsStandalone target not found
Refreshing native plugins compatible for Editor in 0.48 ms, found 3 plugins.
Preloading 0 native plugins for Editor in 0.00 ms.
Mono: successfully reloaded assembly
- Completed reload, in  1.030 seconds
Domain Reload Profiling:
	ReloadAssembly (1031ms)
		BeginReloadAssembly (101ms)
			ExecutionOrderSort (0ms)
			DisableScriptedObjects (6ms)
			BackupInstance (0ms)
			ReleaseScriptingObjects (0ms)
			CreateAndSetChildDomain (29ms)
		EndReloadAssembly (871ms)
			LoadAssemblies (88ms)
			RebuildTransferFunctionScriptingTraits (0ms)
			SetupTypeCache (315ms)
			ReleaseScriptCaches (1ms)
			RebuildScriptCaches (50ms)
			SetupLoadedEditorAssemblies (312ms)
				LogAssemblyErrors (0ms)
				InitializePlatformSupportModulesInManaged (5ms)
				SetLoadedEditorAssemblies (1ms)
				RefreshPlugins (1ms)
				BeforeProcessingInitializeOnLoad (113ms)
				ProcessInitializeOnLoadAttributes (176ms)
				ProcessInitializeOnLoadMethodAttributes (10ms)
				AfterProcessingInitializeOnLoad (6ms)
				EditorAssembliesLoaded (0ms)
			ExecutionOrderSort2 (0ms)
			AwakeInstancesAfterBackupRestoration (9ms)
Platform modules already initialized, skipping
Refreshing native plugins compatible for Editor in 0.44 ms, found 3 plugins.
Preloading 0 native plugins for Editor in 0.00 ms.
Unloading 2187 Unused Serialized files (Serialized files now loaded: 0)
System memory in use before: 99.3 MB.
System memory in use after: 99.5 MB.

Unloading 17 unused Assets to reduce memory usage. Loaded Objects now: 2661.
Total: 3.298500 ms (FindLiveObjects: 0.281300 ms CreateObjectMapping: 0.101900 ms MarkObjects: 2.893500 ms  DeleteObjects: 0.020600 ms)

AssetImportParameters requested are different than current active one (requested -> active):
  custom:framework-win-MediaFoundation: 216162199b28c13a410421893ffa2e32 -> 
  custom:video-decoder-ogg-theora: a1e56fd34408186e4bbccfd4996cb3dc -> 
  custom:container-muxer-webm: aa71ff27fc2769a1b78a27578f13a17b -> 
  custom:container-demuxer-webm: 4f35f7cbe854078d1ac9338744f61a02 -> 
  custom:container-demuxer-ogg: 62fdf1f143b41e24485cea50d1cbac27 -> 
  custom:video-encoder-webm-vp8: eb34c28f22e8b96e1ab97ce403110664 -> 
  custom:video-codec-MediaFoundation-h265: 746d11721c4dcdbdad8f713fa42b33f4 -> 
  custom:video-decoder-webm-vp8: 9c59270c3fd7afecdb556c50c9e8de78 -> 
  custom:audio-decoder-ogg-vorbis: bf7c407c2cedff20999df2af8eb42d56 -> 
  custom:audio-encoder-webm-vorbis: bf7c407c2cedff20999df2af8eb42d56 -> 
========================================================================
Received Import Request.
  Time since last request: 865.531915 seconds.
  path: Assets/Scripts/CatController.cs
  artifactKey: Guid(b9cd9d524e5bc9445a1cade2d608f387) Importer(815301076,1909f56bfc062723c751e8b465ee728b)
Start importing Assets/Scripts/CatController.cs using Guid(b9cd9d524e5bc9445a1cade2d608f387) Importer(815301076,1909f56bfc062723c751e8b465ee728b)  -> (artifact id: '0fe93d8f773873d9829e32d230a995e5') in 0.005113 seconds 
  Import took 0.008442 seconds .

========================================================================
Received Prepare
Registering precompiled user dll's ...
Registered in 0.004914 seconds.
Begin MonoManager ReloadAssembly
Native extension for WindowsStandalone target not found
Refreshing native plugins compatible for Editor in 0.44 ms, found 3 plugins.
Preloading 0 native plugins for Editor in 0.00 ms.
Mono: successfully reloaded assembly
- Completed reload, in  0.975 seconds
Domain Reload Profiling:
	ReloadAssembly (976ms)
		BeginReloadAssembly (116ms)
			ExecutionOrderSort (0ms)
			DisableScriptedObjects (6ms)
			BackupInstance (0ms)
			ReleaseScriptingObjects (0ms)
			CreateAndSetChildDomain (36ms)
		EndReloadAssembly (798ms)
			LoadAssemblies (97ms)
			RebuildTransferFunctionScriptingTraits (0ms)
			SetupTypeCache (269ms)
			ReleaseScriptCaches (1ms)
			RebuildScriptCaches (47ms)
			SetupLoadedEditorAssemblies (289ms)
				LogAssemblyErrors (0ms)
				InitializePlatformSupportModulesInManaged (4ms)
				SetLoadedEditorAssemblies (0ms)
				RefreshPlugins (1ms)
				BeforeProcessingInitializeOnLoad (96ms)
				ProcessInitializeOnLoadAttributes (171ms)
				ProcessInitializeOnLoadMethodAttributes (10ms)
				AfterProcessingInitializeOnLoad (6ms)
				EditorAssembliesLoaded (0ms)
			ExecutionOrderSort2 (0ms)
			AwakeInstancesAfterBackupRestoration (13ms)
Platform modules already initialized, skipping
Refreshing native plugins compatible for Editor in 1.62 ms, found 3 plugins.
Preloading 0 native plugins for Editor in 0.00 ms.
Unloading 2187 Unused Serialized files (Serialized files now loaded: 0)
System memory in use before: 99.3 MB.
System memory in use after: 99.5 MB.

Unloading 17 unused Assets to reduce memory usage. Loaded Objects now: 2663.
Total: 4.624600 ms (FindLiveObjects: 0.647400 ms CreateObjectMapping: 0.272300 ms MarkObjects: 3.680000 ms  DeleteObjects: 0.023200 ms)

AssetImportParameters requested are different than current active one (requested -> active):
  custom:framework-win-MediaFoundation: 216162199b28c13a410421893ffa2e32 -> 
  custom:video-decoder-ogg-theora: a1e56fd34408186e4bbccfd4996cb3dc -> 
  custom:container-muxer-webm: aa71ff27fc2769a1b78a27578f13a17b -> 
  custom:container-demuxer-webm: 4f35f7cbe854078d1ac9338744f61a02 -> 
  custom:container-demuxer-ogg: 62fdf1f143b41e24485cea50d1cbac27 -> 
  custom:video-encoder-webm-vp8: eb34c28f22e8b96e1ab97ce403110664 -> 
  custom:video-codec-MediaFoundation-h265: 746d11721c4dcdbdad8f713fa42b33f4 -> 
  custom:video-decoder-webm-vp8: 9c59270c3fd7afecdb556c50c9e8de78 -> 
  custom:audio-decoder-ogg-vorbis: bf7c407c2cedff20999df2af8eb42d56 -> 
  custom:audio-encoder-webm-vorbis: bf7c407c2cedff20999df2af8eb42d56 -> 
========================================================================
Received Prepare
Registering precompiled user dll's ...
Registered in 0.004649 seconds.
Begin MonoManager ReloadAssembly
Native extension for WindowsStandalone target not found
Refreshing native plugins compatible for Editor in 0.46 ms, found 3 plugins.
Preloading 0 native plugins for Editor in 0.00 ms.
Mono: successfully reloaded assembly
- Completed reload, in  1.140 seconds
Domain Reload Profiling:
	ReloadAssembly (1141ms)
		BeginReloadAssembly (140ms)
			ExecutionOrderSort (0ms)
			DisableScriptedObjects (9ms)
			BackupInstance (0ms)
			ReleaseScriptingObjects (0ms)
			CreateAndSetChildDomain (38ms)
		EndReloadAssembly (932ms)
			LoadAssemblies (99ms)
			RebuildTransferFunctionScriptingTraits (0ms)
			SetupTypeCache (280ms)
			ReleaseScriptCaches (1ms)
			RebuildScriptCaches (47ms)
			SetupLoadedEditorAssemblies (301ms)
				LogAssemblyErrors (0ms)
				InitializePlatformSupportModulesInManaged (4ms)
				SetLoadedEditorAssemblies (0ms)
				RefreshPlugins (1ms)
				BeforeProcessingInitializeOnLoad (99ms)
				ProcessInitializeOnLoadAttributes (180ms)
				ProcessInitializeOnLoadMethodAttributes (10ms)
				AfterProcessingInitializeOnLoad (6ms)
				EditorAssembliesLoaded (0ms)
			ExecutionOrderSort2 (0ms)
			AwakeInstancesAfterBackupRestoration (8ms)
Platform modules already initialized, skipping
Refreshing native plugins compatible for Editor in 0.45 ms, found 3 plugins.
Preloading 0 native plugins for Editor in 0.00 ms.
Unloading 2187 Unused Serialized files (Serialized files now loaded: 0)
System memory in use before: 99.3 MB.
System memory in use after: 99.5 MB.

Unloading 17 unused Assets to reduce memory usage. Loaded Objects now: 2665.
Total: 2.734400 ms (FindLiveObjects: 0.170000 ms CreateObjectMapping: 0.064800 ms MarkObjects: 2.481400 ms  DeleteObjects: 0.017400 ms)

AssetImportParameters requested are different than current active one (requested -> active):
  custom:framework-win-MediaFoundation: 216162199b28c13a410421893ffa2e32 -> 
  custom:video-decoder-ogg-theora: a1e56fd34408186e4bbccfd4996cb3dc -> 
  custom:container-muxer-webm: aa71ff27fc2769a1b78a27578f13a17b -> 
  custom:container-demuxer-webm: 4f35f7cbe854078d1ac9338744f61a02 -> 
  custom:container-demuxer-ogg: 62fdf1f143b41e24485cea50d1cbac27 -> 
  custom:video-encoder-webm-vp8: eb34c28f22e8b96e1ab97ce403110664 -> 
  custom:video-codec-MediaFoundation-h265: 746d11721c4dcdbdad8f713fa42b33f4 -> 
  custom:video-decoder-webm-vp8: 9c59270c3fd7afecdb556c50c9e8de78 -> 
  custom:audio-decoder-ogg-vorbis: bf7c407c2cedff20999df2af8eb42d56 -> 
  custom:audio-encoder-webm-vorbis: bf7c407c2cedff20999df2af8eb42d56 -> 
========================================================================
Received Import Request.
  Time since last request: 185.712895 seconds.
  path: Assets/Scripts/CatController.cs
  artifactKey: Guid(b9cd9d524e5bc9445a1cade2d608f387) Importer(815301076,1909f56bfc062723c751e8b465ee728b)
Start importing Assets/Scripts/CatController.cs using Guid(b9cd9d524e5bc9445a1cade2d608f387) Importer(815301076,1909f56bfc062723c751e8b465ee728b)  -> (artifact id: '433ef0cd93c53119ce42029945ac58fd') in 0.004141 seconds 
  Import took 0.007437 seconds .

========================================================================
Received Prepare
Refreshing native plugins compatible for Editor in 4.04 ms, found 3 plugins.
Preloading 0 native plugins for Editor in 0.00 ms.
Unloading 15 Unused Serialized files (Serialized files now loaded: 0)
System memory in use before: 55.6 MB.
System memory in use after: 55.8 MB.

Unloading 15 unused Assets to reduce memory usage. Loaded Objects now: 2665.
Total: 2.906800 ms (FindLiveObjects: 0.199000 ms CreateObjectMapping: 0.070100 ms MarkObjects: 2.621300 ms  DeleteObjects: 0.015600 ms)

AssetImportParameters requested are different than current active one (requested -> active):
  custom:framework-win-MediaFoundation: 216162199b28c13a410421893ffa2e32 -> 
  custom:video-decoder-ogg-theora: a1e56fd34408186e4bbccfd4996cb3dc -> 
  custom:container-muxer-webm: aa71ff27fc2769a1b78a27578f13a17b -> 
  custom:container-demuxer-webm: 4f35f7cbe854078d1ac9338744f61a02 -> 
  custom:container-demuxer-ogg: 62fdf1f143b41e24485cea50d1cbac27 -> 
  custom:video-encoder-webm-vp8: eb34c28f22e8b96e1ab97ce403110664 -> 
  custom:video-codec-MediaFoundation-h265: 746d11721c4dcdbdad8f713fa42b33f4 -> 
  custom:video-decoder-webm-vp8: 9c59270c3fd7afecdb556c50c9e8de78 -> 
  custom:audio-decoder-ogg-vorbis: bf7c407c2cedff20999df2af8eb42d56 -> 
  custom:audio-encoder-webm-vorbis: bf7c407c2cedff20999df2af8eb42d56 -> 
AssetImportWorkerClient::OnTransportError - code=2 error=End of file
